-A-A-Abloom-Ace-Gardening-Services
AAA-Uniform-Central
AA-Real-Estate-Business-Brokers
A-Balloon-and-Party-Centre
ABC-Business-Coaching
ABC-Nursery-Hire
ABS-Automotive
Absolute-Apparel
A1-Business-Group-Pty-Ltd
Access-Equity-Finance
Accolades-and-More
AccommodationGuru.com
Accountants-R-Us
Accounting-Express-Centre-Franchises
Accounts-Receivable-Solutions-Australia-Pty-Ltd
Ace-Body-Corporate
Ace-Cleaning-Services
Ace-Cleaning-Services-Master-Franchise
Ace-Security-Laminates
Action-Cash-Loans
ActionCOACH
Activ-Web-Design
Adara-Hotels-Apartments
Added-Value-Concepts-Australasia-Pty-Ltd
Aditude-Advertising
Admed
AD-TEX-Pty-Ltd
Adult-Prepaid-Australia-s-#1-Prepaid-Internet-Access-Card
Advanced-Hair-Studios
Advanced-National-Services
Advanced-Pet-Sitting
Afea
Affordable-Maids
AGEL-Independent-Executive
AGL-Retail-Energy-Limited
Aida-Real-Estate-QLD-Pty-Ltd
AIV-Developments-Pty-Ltd
A-La-Turko-Food-Industries-Pty-Ltd
Alchemy-Network
Aldon-Tutoring
ALDON-TUTORING-CENTRES
Ali-Baba
Alive-Clinics
Allphones
AllSafe-Franchising-Pty-Ltd-AllSafe-Energy-Efficient-Products
Aloetrade-America-LLC
Alpha-H-New-Skin-Begins
Alter-It-Clothing-Alterations
Altitude-The-Height-of-Fitness
Amalgamated-Pest-Control
-A-4-MATHS-Learning-Centres-Pty-Ltd
Amazing-Clean
Amazing-Fencing
Amazing-Water-Pty-Ltd
Amber-Group-Australia
Ambiance-Interiors
AMC-Commercial-Cleaning
AMC-Commercial-Cleaning-NSW
A1-MOBILE-RADIATOR-REPAIRS
AMX-Financial-Services
Andersens-Floorcoverings
Andrews-Affordable-Housewashing-Service
Andrew-s-Affordable-Mowing-Service
Angus-Robertson
Antica-Gelateria-del-Corso
Anton-s-Flying-Woks
Anytime-Fitness
ANZ-Mobile-Lending
Apex-Pacific
Appetitos-Italian-Eatery
Appliance-Tagging-Services-Pty-Ltd
AquaPaintz-Direct
Aquarium-Gallery
Aquatic-Achievers
Arbonne-International-Australia
Aroma-Cafe
Aromas
Arrive-on-Time-Appliance-Repairs
ARS-Recruitment
Art-for-Gardens-Gallery
Art-Of-Aquaria-Pty-Ltd
A.S.C.-Transfer-Services
AskRoz
Assured-Financial-Wellness-Part-of-the-Assured-Home-Loans-Group-
A-Table-for-Six
Atel-Ausnac
Auction-It-Today
AuctionsRus
Aus-Dent-Franchising-Pty-Ltd
Auset-Specialty-Castles-
AUSK-STONE-CORPORATION
Aussie
Aussie-BBQ-Cleaning-Pty-Ltd
Aussie-Disposals
Aussie-Farmers-Direct
Aussie-Mobile-Grooming
Aussie-Mobile-Grooming-Master-
Aussie-Mortgage-Masters
Aussie-Payday-Loans
Aussie-Pooch-Mobile-Dog-Wash
Aussie-Soles
Aussie-Vending
Australia-City-Guides
Australian-Academy-of-Tai-Chi
Australian-Baby-Hands
Australian-Educational-Consultancy
Australian-Homemade
Australian-Hot-Water
Australian-Independent-Vendors-Pty-Ltd
Australian-Institute-of-Mathematics
Australian-Lending-Corporation
Australian-Poker-League
Australian-Private-Realty
Australian-Recruiting-Office-Network-Pty-Ltd
Australian-Skin-Clinics
Australian-4WD
Australia-Post
Australia-Wide-IT
Austvending-Pty.-Ltd.
Austvending-Pty.-Ltd.-Master-
Auswide-Finance-Solutions-P/L
Autobarn
Auto-Klene
Auto-Leaders-All-Car-Servicing
Auto-Masters-Australia-Pty-Ltd
Autopass
Autoshine-Australasia
Autospark
Award-Bookkeeping-Company
Awesome-Mortgages
Awesome-Promotions
A-Window-to-your-Womb
Axiom-Compliance
Axon-Education-Group
Ayurwoman-Ayurveda-Clinic
BackCare-Seating
Back-in-Motion-Physiotherapy
Back-to-Basics-Education-Pty.-Ltd.
Bakers-Club
Bakers-Delight
Balance!-Healthcare
Bali-Beautique-Spa
Balls-N-Bumpers
BANJO’S-BAKERY-CAFE
Barbara-s-Cleaning-Services
Barbara-s-Cleaning-Service-Tasmania
Bar-Bellaccino
Barbeques-Galore
Bargain-Wheels-Car-Rentals
Bark-Busters
Bar-Roma-Cafe
Barry-Plant-Real-Estate
Barry-s,-The-Home-Improvers
Bartercard-Australia
Basix-Organix
Baskin-Robbins
Bathroom-Werx
Bathurst-City-Centre
Battery-World-Australia
Bay-Bee-Cino
BBQ-Hero
bb-s-cafe-Retail-Food-Group-Australia-
BCM-Business-Cost-Management
BCPL-BONE-CHINA
BCS-Body-Care-Secrets
Beach-House-Bar-Grill
Beach-House-Fitness
Beacon-Lighting
Bean-Bar
Bean-to-Tea
Beaumont-Tiles
Beauty-On-The-Go
Beauty-Spa-Club-International
BeautyWell
Beavertails-Pty-Ltd
Bebrite-Cleaning-Franchise
Beds-for-Backs-Franchising-Pty-Ltd
Bedshed
Beetle-Branding
Begin-Bright
Bejour-Event-Management
Belgravia-Formalwear
Bella-Casa
Bendigo-Bank
Ben-Jerry-s
Berkeleys-Franchise-Services-Pty-Ltd
Best-Ever-Home-Business
Betta-Home-Living
Bevinco-Australia-Pty-Ltd
Bev-Marks-Beds-Australia
Beyond-Freedom-Make-An-Investment-In-Yourself
BforB-Australia
Bidding-Buzz-Franchise
Big-Ben-Services
Big-Dad-s-Pies
Big-Fun
Biggin-Scott-Corporate-Pty-Ltd
Big-5-Sports
Bike-Force-Australia
Billy-Baxters-Pty-Ltd
Bizzone
Blockbuster-Australia-Pty-Ltd
Bloomtools
Blow-Dry-Bar
Bluejet-Pty-Ltd
Blue-Toro-Mobile-Mechanics
Blue-Wheelers-Pty-Ltd
Boab-Boat-Hire
Bobazt
Bob-Jane-T-Marts
Bob-s-Office-Inks-Toners
Bodiez-24/7-Fitness
Bonbons-Bakery
Bond-Wireless
BONGO!-Transit
Books-Gifts-Direct-Pty-Ltd
Books-Onsite
Bookwiz
Boost-Juice
Boot-Camps-Australia
Borderline-Concrete-Garden-Edging
Boring-Chores
Bosetti-Pty-Ltd
Boss-Building-Maintenance-Australia
bossy-hair
Boulangerie-deFrance
Bounceback-Cartridges
Bowler-Geotechnical
Box-Corporation
Boxing-Fit
Brad-s-Test-and-Tag
Brain-Boost
Brainwave-Transition-to-School
Brakes-Plus-Pty-Ltd
Bramalco-Group
Brazilian-Beauty
Brazilian-Butterfly-Australia
Breathing-Space-Cafe
Breeze-Photos
Bricks-4-Kidz
Bridgestone-Select
Briggins
Bristol-Banner-Group
Bristol-Decorator-Centres
Brodies-Mealmakers
Brotzeit-German-Bier-Bar-and-Restaurant
Brotzeit-International-Pte-Ltd
Brown-Gouge
Brumby-s-Bakery
Brumby-s-GO!
B-S-Mobile-Sharpening
Bucking-Bull
Budget-Rent-a-Car
Bugroff
Building-Pest-Inspections-P/L
Building-Repairs-Maintenance
Bureaux
Burger-Boss
Burger-Edge
BurgerFuel
Burger-Urge
Burgundy-Limousines
Busby-Web-Solutions
Bush-Essentials
Business-Class-Transfers
Business-Connection-International
Business-Mechanic
Business-Surveillance
Butterfly-Silver-Franchising-Pty-Ltd
Buy-Australian-Properties-Corporation-Pty-Ltd
Cabot-Square
CAD-Partners-CFO-On-Call
Cafe-BUZZ
Cafe2U-mobile-coffee-franchise
CAFEXPRESS
Cake-It-Away
Caltex-Australia-Petroleum-Pty-Ltd
Calypso-Restaurant
Capital-Trust
Cappuccino-Xpress
Carbon-Planet-Ltd
Car-Care-Australia-Pty-Ltd
Card-Connection-Pty-Ltd
Cargroomers-Pty-Ltd
Carmagic-Aust.-International
Carpet-Call
Carpet-Cleaners-Carpet-Cleaning
Carpet-Court
carreviver
Cartridge-World
Cash-Converters-International
Cash-Loan-Money-Centres-Pty-Ltd
Cash-Now-Australia
Catmax-International-pty-ltd
Cavalier-Homes-Australia
CBI-Coaching
Cellulike
Century-21-Australia
CFM-Australia
Changing-Places-Real-Estate-Consultants
Charcoal-Chicken-Express-Pty-Ltd
Charco-s-The-Flaming-Chicken
Charlie-Lovett
Chatime
Cheeky-Chicken
Chem-Dry-Australia
Cherry-Bridge-Station
Chess-Kids
Chess-Wealth-Partners
Chicken-Express-Systems-P/L
Chicken-Treat
Chick-N-Feed
Chipmunk-s-Playland-Cafe
Choclicious-Franchising-Pty-Ltd
Choco-Churro
Chocolateria-San-Churro
Chocolatree
Choice-Hotels-Asia-Pac
Chooka-s-Char-Grilled-Chicken
CHOOKS-fresh-tasty
Cibo-Espresso
Circle-of-Love-Pty-Ltd
Cirillo-Lighting-And-Ceramics
Citiwide-Homeloans
City-Convenience-Store
City-Farmers-Dogwash
City-Farmers-Franchising
City-Finance
City-Pacific-Finance
City-ProSign-Engineering
Civic-Video-Pty-Ltd
Clark-Rubber-Franchising
Clean-Green-Strata
Cleaning-Wizard
Cleanskin-Cellars
Clean-Space-Solutions
Cleanstate-Commercial-Cleaning
Cleantastic
Clearwater-Wheelie-Cleaning
Cloud-9-Weight-Loss-Studio
Cocolat-Franchising-Pty-Ltd
Coconet-International-Pty-Ltd
CodePrint
1582-Coffee
Coffee-Bella
Coffee-Biz
Coffee-Culture
Coffee-Ezy
Coffee-Guru
Coffee-Hit
Coffee-Machine-Express
Coffee-News-Australia
Coldwell-Banker-Franchise
Collins-Booksellers
Color-Bar
Colorglo-Australia
Combined-Insurance
Commercial-Bedding
Commercial-Maintenance-Group
Commonwealth-Bank-Mortgage-Innovation-and-Financial-Services-licence/agency-opportunity-
Communicat-Business-Solutions
Complete-Framing-Australia
Complete-Freedom
Computer-Gym
Computer-Support-Partners
COMPUTERTOTS/Computer-Explorers
Computer-Troubleshooters-Australia
Concepts-Unlimited-Franchising-Pty-Ltd
Concrete-Taxi
Conias-Real-Estate
Consortium-Finance-Pty-Ltd
Contours-Ladies-Fitness-Weight-Loss-Franchise
Con-X-ion-Airport-Transfers
Coochie-Hydrogreen
Cookie-Man-Pty-Ltd
Coolabah-Tree-Cafe
Cooper-Automotive
Copiworld
Copyfax-Stationers
Cordless-Filter-Machine
Cost-Less-Plants-Pty-Ltd
Cost-Reduction-Analysts
Cosy-Insulation
Country-Franchising
Couriers-Please
Cove3-Mobile-Solution-Providers
Coverall-Cleaning-Concepts
CPR-Complete-Property-Rejuvenation
Crackmasters
Crashman-Computer-Solutions
Craveable-Brands
Crave-Communications
Crave-Ice-Creamery
Crazy-Candles
Crazy-John-s
Created-By-Hands-Acrylic-Designs
Creative-Capers
creative-image-craft-painting-studios
Crema-Espresso
Crema-Espresso-Master-Franchise
Crepe-Cafe
Crestcom-International,-LLC
Croc’s-Playcentre
Croissant-Express
Crown-Gleeson-Business-Finance
Crust-Gourmet-Pizza
Crystal-Blu
CSI-Sports-Trading
CSS-Corp
CTA-Australia-Pty-Ltd
Curbcrete-Pty-Ltd-Innovative-Garden-Edging
Curves
CV-Media-Signs
CXpresso
Cyclone-Doors
Cymeon-Pty-Ltd
Daily-Addiction
Daisy-Drycleaning
Dale-Wood-Business-Sales-Consultancy
DanceHeads
Dance-Oz-4-Kids
3D-and-4D-Ultrasounds
Danlaid-Contracting
DarkStar-Tanning-Studio
Darriwill-Farm-Gourmet-Food-Gift-Merchants
David-Reid-Homes
7D-Cinema
DCM-Coffee-Donuts
Debt-Rescue
DecoGlaze
Degani-Cafe
De-Lamauta-Coffee-Tea-Specialists
Delta-Packaging
Dent-Force
Dent-Masters
De-Pot-Man
Designed-Blinds-Australia
Dessert-House
Destination-for-Men
Destiny-Financial-Solutions
Detpak
Dewson-s-Supermarkets
Dexion-Limited
D-Fine247
Dial-A-Digger
Dial-An-Angel
Diamond-Australia
Dia-Oro-Jewellery-Pty-Ltd
DineOnline
Direct-Appliance-Rentals
Direct-Pest-Control
Dirty-Dick-s-Theatre-Restaurants
Dixon-Homes
DLONDLOBALA-FREIGHT-CC
Do-All-Appliance-Service
Dodo-Connect
DogTech-International-Pty-Ltd
DOGUE-Dog-Boutique-and-Spa
Dollar-Curtains
Dome-Coffees-Australia-Pty-Ltd
Domino’s-Pizza-Enterprises-Limited-Domino’s-
Don-t-Fret-Pet!
Donut-Delirium
Donut-King
Dream-Achieve-Become
Dream-Doors-Australia
Dreamy-Donuts
Drinks-by-the-Bar
Drummond-Golf-Shops
Drymaster-Carpet-Cleaning
Duco-Fix
Duco-Magic
Dunkin-Brands-Australia-Pty-Ltd
Duplex-Cleaning-Machines
Duticall
Dymocks
EAGLE-BOYS
Earthborn
Easy-Payment-Options
Easy-Way
Eatout-Restaurant-Guides
Ecomist
E-com-POS-Pty-Ltd
Eco-Pest-Control
Eco-Pest-Control-Pty-Ltd
Edworks-Active-Learning
EFM-Health-Clubs
Egnatium
El-Churro
Elders-Limited
Electrodry
Electronic-Injector-Services
Elemental-Life-Pty-Ltd
7-Eleven
Elite-Crete-Australia
Elite-Fitness-Equipment
Elite-Maint.-Service-Pty-Ltd
Ella-Bache
EmbroidMe
Empower-Network
Endeavour-Connect
endota-spa
Endrust-Australia
Engel-Vlkers-Australia
Enhance-Plus
E.nopi-MATH-Learning-Centre
Ensuites-On-Tow
EnVie-Fitness
Enviroblast-Pty-Ltd
Enviro-Car-Care-Pty-Ltd
Enviro-Chasing-Services
Enzed
Epiclean
Escape-Travel
Espresso-Essential
Espresso-Mobile-Cafe
Espresso-Vend-Australia-Franchisor-
Esquires-Coffee-Houses
Essential-Beauty
Ettamogah-Franchising-Systems
Eureka-Franchise-Pty-Ltd
Europcar
Event-Photography.Com
Events-of-Elegance
Exclusive-Collectables
Executive-Property-Maintenance
Expense-Reduction-Analysts-–-Asia-Pacific
123-Express
Express-Bookkeeping
Express-Business-Group
Express-Lube
Express-Personnel-Services
Extreme-DrivingNet
e&#178;-Young-Engineers
Ezi-Boxing-Systems-Pty-Ltd
Ezy-Clip-Fencing-Systems™
Ezypayroll-Pty-Ltd
FAD-Cheer-and-Dance
Fantastic-Services-Group-Pty.-Ltd.
Fasta-Pasta
Fastway-Couriers-Australia-
Fatzap
FBAU
FCF-Fire-and-Electrical
Femme-For-Tile
Ferguson-Plarre-Bakehouses
Fernwood-Women’s-Health-Clubs
Ferrari-Kitchens
Fibonacci-Coffee-Franchise
Fibrecare-Australia-Group-Pty-Ltd
Fibrenew-International
Fifi-s-Lebanese-Restaurants-Pty-Limited
Fifo-Capital
FiltaFry
FinditSmart
Find-the-Business
Finest-Alterations
Fire-Shaper
First-Class-Accounts
First-Class-Capital
First-Index
Fisher-Jenkin-Workplace-Safety
Fisher-Paykel
Fishmongers-Australia-Pty-Ltd
Fit-Family
Fit-Girl-Club
Fitness-Enhancement-Personal-Training
Fitness-Matters-Franchising-Pty-Ltd
Five-High
Fixzit-Australia-Pty-Ltd
Flakey-Jake-s-Franchising-Pty-Ltd
Flannerys-Natural-Grocers
Fletchers-Fotographics
Flight-Centre
Flight-Experience
FLIP-OUT-–-Trampoline-Arena-Pty-Ltd
Flippin-Fresh-Seafood
Floral-Fruits
Floral-Image
Flowers-By-Fruit
FluidMasters-International
Fluidrive-Powertrain-Partners
FocalPoint-International
Focus-On-Gifts
Fonebox
FoodCube-Australia
FoodWorks
Ford-Doonan-Air-Conditioning
For-Sale-By-Owner-Australia-Pty-Ltd
Forte-School-of-Music
Forty-Winks
Four-Seasons-Gutter-Protection
FOX-Mowing-Gardening
Framework-Group
Franchise-Retail-Brands
Franchising-Magazine
Franck-Provost-Paris-salons
Freedom-Furniture
Freeman-Fox-Franchising-Pty-Ltd
Frenchy-s-Fashion-Factory
FRESH-Healthy-Cafe
Fresh-Healthy-Vending
Freshii
Fritz-Gelato
Frontline-Recruitment-Group
Fruition-Tuition
Funk-Life-Designs
Funk-Life-Glass-Vases
Funky-Mexican-Cantina
Fusion-Partners
Gameking
Games2u-Australia
Gametraders
Garlo-s-Pies
Gaspower-Australia
GB-Oceania
Geeks-on-Call-Pty-Ltd
Gee-Whizz-Computers
Gelatino
Gelatissimo
Gelare-Cafe
Gelare-International-Pty-Ltd
Getaway-Demolition-Excavation
Get-Grilled
Get-Threaded
G4GuitarSchools
GIMA-Pty-Ltd
gizmo
Glass-Technology
GlideHair
Glitz-n-Glamour-Phoography
Global-Burgers-International-Pty-Ltd
Global-Gear
Global-Gossip
Global-Living-Furniture-Homewares-Group-Pty-Ltd
Global-Safe-Technologies-Australia
Globepro
Gloria-Jean-s-Coffees
GNC-Live-Well
Gniega-Skin-Clinics
Go-Baby-Hire-Sales
Godfreys
Go-Gecko
Goldsteins-Bakery-Pie-Shop
Goldsteins-Pie-Shop-Bakery
Good-Sports-Home-Services
Goodwood-Co
Goodyear-Autocare
Goop-Guys
Go-Sushi
1800-GOT-JUNK?
Got-One-Pty-Ltd
Gotta-Getta-Group
GrabaDiscount.com.au
Grace-Removals
Graffiti-Eaters-Stain-Eaters
GRAINassist
Granite-Transformations
Grasshopper-Soccer
Grease-Lightning
Green-Cleen-Wheelie-Bin-Cleaners
Green-Homes-Australia
Green-Planet-Grass-Unit-Trust
Grey-Army
Grill-d
Grinners-Catering
Grip-Guard
GroutPro
Gshopper
Guava-Bean
Gutter-Vac
Guzman-y-Gomez-Mexican-Taqueria
GW-Private-Room
Hairchoice-International
Hairdressers-on-the-Move
Hairhouse-Warehouse
Hand-Foot-Spa-by-Complete-Beauty
Handi-Ghandi-Franchising-Pty-Ltd
Handy-Rentals-Australia-Pty-Ltd
Hang2
Hannaford-Seedmaster-Services
Harbour-Water-Taxis
Harcourts
Hardware-2-Site-Pty-Ltd
Hardy-Spicer
Harringtons-Brewery-International-Ltd
Harry-s-Cafe-de-Wheels
Harts-Party-Hire-[Victoria-Pty-Ltd
Harvey-World-Franchises-Pty-Ltd
Health-Information-Pharmacy
Health-Protect
Health-Savings
Healthy-Habits
Healthy-Inspirations
Healthy-Life
Healthy-Sleep-Solutions-Distribution-Opportunity-
HearingLife
Heidi-s-Mobile-Pet-Grooming
Helen-O-Grady-Drama-Academy
Hello-Harry
Henny-Penny-Hatching
Hertz-Australia-Pty-Ltd
Hey-dee-ho-Music
High-Five
Hi-Ho-Clean-and-Garden
Hills-in-Hollywood
Hip-Pocket-Work-Wear-Safety-Group
Hire-A-Box
Hire-A-Tradesman
Hire-for-Baby
Hire-Intelligence
Hi-Speed-Internet-Kiosks-Pty-Ltd
Hobbysew
Hog-s-Australia
HolidayXP
Holistic-Group
Ho-Math-and-Chess-Learning-Center
Hombre-Mexican-Cantina
Home-Entertainment-Express
Home-Ice-Cream
Home-Instead
Home-IT-Business
Home-Service-Professionals
Home-Sorted!-Franchise
Home-Timber-Hardware
Honda-Australia-MPE
Hook-n-Sinker-Restaurant-and-Bar-Franchise
Horace-Rice-Sporting-Sales
Horseland-Pty-Ltd
Hosemasters-International
Hot-Earth-Hangis
Hot-Fresh-Fries
Hotkey-Internet-Services
Hotondo-Homes
Hot-Rod-s-Roasts-and-Finger-Foods
House
House-Guru-Pty-Ltd
Housemaids-Franchises-Pty-Ltd
Houseproud-Cleaning
Housework-Heroes
Howards-Storage-World
How-To-Property
H-R-Block
HR-Coach
HR-Dept
HR-Navigation-Australia-Pty-Ltd
Hudsons-Coffee
Human-Progress-Management
Humitech
Hungry-Jacks
Hush-Pre-Paid
Huxtaburger
Hydraulink
Hydro-Blast
Hypno-Therapy-Chair-Franchise
HYPOXI-Australia-Pty-Ltd
I-Can-Read-Australia-Pty-Ltd
ics-Group
IGA
I-Luv-Coffee
Image-Group-International
Imagine-Essential-Services-Ltd
Inbloom-Florist
IN.CUBE8R-Franchising-Pty-Ltd
Independent-Curtains
Independent-Property-Inspections
Indian-Brothers-Restaurant
Ink-Gallery
Ink-on-the-Run
Inkspot-Franchising-Pty-Ltd
Inky-Feet
InnerSelf-Newspaper
Innovation-Transport-Services
In-Review-Magazine
Inspirations-Paint-Store-Holdings-Ltd-
INSPIRE-QUIT-SMOKING-WEIGHT-LOSS-CLINICS
Inspire-Stop-Smoking-Weight-Control-Clinics
Intelligent-Accounts
International-Media-Company
In-the-Booth
InXpress
Island-Girl
iSold-It
ISS-Facility-Services
It-s-Skin-Cosmetics
Jamaica-Blue
James-Home-Services
Jani-King-Australasia-Pty-Ltd
Jannies-Cleaning-Services-Pty-Ltd
Jannies-Lawncare-and-Handyman
Jannies-Mutt-Makeovers
JAN-PRO-Cleaning-Systems
Japan-City
Jas-My-Waffles
JaxQuickFit-Tyre-Service
Jaymak-Food-Beverage-Refrigeration
Jazz-Cleaning
JC-Unique-Beauty-Laser-Clinic
JDL-Strategies
Jens-Gaunt-Real-Estate-Pty-Ltd
Jesters
Jetset-Travelworld-Group
Jetts-Fitness
Jim-s-Antennas
Jim-s-Appliance-Repairs
Jim-s-Bin-Cleaning
Jim-s-Blind-Cleaning
Jim-s-Bookkeeping
Jim-s-Building-Inspections
Jim-s-Building-Maintenance
Jim-s-Car-Cleaning
Jim-s-Carpet-Cleaning
Jim-s-Cleaning
Jim-s-Computer-Services
Jim-s-Conveyancing
Jim-s-Diggers
Jim-s-Electrical
Jim-s-Fencing-Australia
Jim-s-Finance-Professionals
Jim-s-Floors
Jim-s-Group
Jim-s-Handyman
Jim-s-Irrigation
Jim-s-Mowing
Jim-s-Paving
Jim-s-Pool-Care-Mobile-Pool-Shops
Jim-s-Pressure-Cleaning
Jim-s-Professional-Painting
Jims-Professional-Painting-Decorating
Jim-s-Roofing
Jim-s-Securities
Jim-s-Shade-Sails
Jim-s-Skip-Bins
Jim-s-Test-and-Tag
Jim-s-Window-Cleaning
Jim-s-Windscreens
Joanna-G
John-Brennan-Hair-Franchising-Pty-Ltd
Johnno-s-Camper-Trailers
Johns-Original-Drive-in-Flowers
Jolly-Miller
JRJ-International-Yingnam-Garments-Limited
Jumping-Beans-International
Jumping-J-Jays-Castles-and-Slides
JUMP!-Swim-Schools
Just-Better-Care
Just-Cook-It
Just-Cuts™
Just-Fingerfoods
Just-Lashes-Pty-Ltd
KC-Drycleaning
Keen-To-Clean-Group
Kegel-Barn
Kelly-Sports
Kenkleen
Kenny-s-Cardiology
Kernels-Popcorn
Key-Concepts-Consulting
Kick-Juice-Bar
Kids-Juke-Box
Kids-n-Karts-Pty-Ltd
Kidz-Lidz-Salons
Kidz-n-sport
Kieser-Training-Centres
Kinderdance
Kindy-Dance-Time
King-of-Knives
King-of-the-Pack
Kings-Swim
Kip-McGrath-Education-Centres
Kiss-Cafe-Franchising-Pty-Ltd
Kitchen-Discounts
KK-Holdings-Aust-Pty-Ltd
Kleena-Blinds-Curtains
Kleena-Cleaners
Kleena-Cleaners-VIC-Pty-Ltd
Kleenheat-Gas-House
Kleenit-Home-and-Office
Kleenit-Pty-Ltd
Kleins-Franchising-Pty-Ltd
Knight-Frank
Koala-Krane
Kool-Cones
Kooler-Ice
Kubarz-Beverage-Catering
Kumon-Australia-and-New-Zealand
Kwik-Kerb
Kwik-Kopy
Labour-Options
Ladies-Running-Errands
Laing-+-Simmons-Real-Estate
La-Porchetta
Laser-Clinics-Australia
LaserDerm-Skin-Fitness-Centre
Laser-Electrical-Group-Pty-Ltd
Laser-Plumbing-Group
LaserQuit
Las-Olas-Fresh-Mex-Grill
Latte-Cartelle-–-Coffee-Drive-Thru
Lattouf-Hair-Day-Spa
Laubman-Pank
Lava-Carts
Lava-Coffee-Australia-Pty-Ltd
LCF-Clubs-Australia-Ltd
Leadership-in-Action
Leadership-Management-Australia
Le-Cornu-Furniture
Ledgers-Bookkeeping
Leisure-Sailing
Lenard’s-Chicken
Lending-Link
Letz-Rent-a-Car
LeWrap
Lifeguard-Security-Electrical
Life-in-Balance-Seminars
Life-Resolutions
Lifestone-Paving
Lifestyle-Innovations
Lifetime-Distributors-The-Book-People
Lightsounds-Pty-Ltd
Lil-Kidz-Constructions-Pty-Ltd
Linacre-Lawyers
Linen-Avenue
Line-X-Australia
Listen-to-Read
Listen-to-Your-Body
Literacy-Circle-Pty-Ltd
Little-Cupcakes-Bakery-Pty-Ltd
Little-Images
Little-Kickers-Little-Rugby-Australia
Liv-eat-Fresh-Eating
Local-Pool-Inspections
Local-Tree-Care
1300-Locate-Franchising-Pty-Ltd
Logiro
Loksa
Lollipop-s-Playland-Cafe
Lollypotz
Lonely-Pets-Club
LookSmart-Alterations
Lorigold-Pty-Ltd
Lotterywest
Love-Pollo
Loving-Life-Now
LUXAFLEX-Window-Fashions-Gallery
Lynn-s-Learning
Madam-Glamour
Mad-Cow-Entertainment
Made-in-Japan
Mad-Mex-Fresh-Mexican-Grill
Mad-Sports
Madzoon
Maestro-Hairdressing
Magic-Hand-Carwash
MagiKats-Maths-and-English
Magnetite-Window-Covers
MAIL-BOXES-ETC.-MBE-
Mail-Plus-Business-System-Pty-Ltd
Makeup-4-Brides-/-Hair-4-Brides
Management-Institute-of-Australia
Mandeville-Marketing
Mannings-AV-Services
Marble-Slab-Creamery
Maries-Pizza
Market-People
Mark-s-Mowing-Pty-Ltd
Marrs-Group-Pty-Ltd
Mary-Ryan-s
Massage-Envy
MAS-Tax-Accountants
Mastercare
Master-Coaching
Master-Coaching-Campbelltown
Mastercorp-Cleaning-Pty-Ltd
Master-Imaging-International-Pty-Ltd
Matchbox-Franchising
Mathnasium-Learning-Centers
Mathriders
MattressKleen-Australia-Pty-Ltd
Max-Therapy
McDonald-s-Australia
McGrath-Estate-Agents
Mc-Grath-Neutral-Bay
M2-Commander-Pty.-Ltd.
Media-Marketing-Hub
Mediterranean-Grill
Meet-at-Dinner
Megasealed-Bathrooms-Balconies
MetroDogs
Metro-Modelling-Academy
Metro-Tiles
Michael-Bevan-Mortgages
Michel-s-Patisserie
Midas-Australia
Minc-Services
Mindchamps
Mind-Games
Mind-Warriors-International
Minicards
Mini-Maestros
Mini-Melts-Ice-Cream
Mini-Pancake-Company
Mini-Party-People
MiniQuip
Mini-Raxevsky-Australia
Mini-Tankers-Australia
Minuteman-Press-International-Inc
Miss-Efficiency-Bookkeeping
MIS-Technologies-Centre
Mister-Minit
Mister-Ply-Wood
MLN-Mobile-Laptops-and-Notebooks
Mmm-Coffee-Mobile-Cafe-for-Events
Mobile-Compressed-Air-Pty-Ltd
Mobile-Filtration-Services
Mobile-Hosefixers
Mobile-Plastic-Vinyl-Repairs-Pty-Ltd
Mobile-Snips
Mobile-Test-n-Cal
Mobile-Video-Games
Mobile-Wedding-Bells
Modern-Group-of-Companies
Money-Depot-Franchising-Pty-Ltd
MoneyQuest
Mortgage-Choice
Mortgage-House-Brand-Partner-
Motivity-Franchising
Mountain-Blue-Transport-Franchising-Pty-Ltd
Mr-Antenna
Mr-Chipps-Strategic-Tree-Services
Mr-Jaffle
Mr-Meticulous-Pty-Limited
Mr-Rental-Franchising-Pty-Ltd
Mrs.-Fields-Bakery-Cafe
Mr-Tax-Refund-Pty-Ltd
Mr-Whippy-Pty-Ltd
MTM-Mobile-Training
Muffin-Break
Murray-Pest-Control
Muscle-Beach
Muzz-Buzz-Franchising
Mvenpick-Ice-Cream
Mybelly
My-Body-Spirit
My-Botique
MyChiro-Pty-Ltd
My-Driver
My-Guy-Australia
Myhome
My-Home-Watch
My-30-Minutes
MYO
My-Skin-Care-Company
MyVirtualHome
Nads-Laser-Clinic
Nailsnow.com.au
Naked-Juice
Nanotek:-Advanced-Car-Cleaning-Technology
napoleon-perdis
Narellan-Pools
National-Drones
National-Recruitment
National-Tiles
Natra-Pty-Ltd
Nauticalia
NCC-Spray-Cleen-Australia
Nenechicken-Australia-Pty-Ltd
energie-Fitness-Clubs
Netplanet-Cybercafe
Net-Search-Australia
Network-Signs
Neurotherapy-Centre-of-Australia-P/L
New-Level-Personal-Training-Studios
New-Life-Repair-Service
New-Water
New-York-Slice
New-Zealand-Natural-Pty-Ltd
Nextra-Australia
N-Hance-Australia-Pty-Ltd
Nic-s-Mobile-BBQ
NightOwl
Nirvana-Beauty-Laser-Clinics
Noodle-Box
Novale-Bathrooms
Novus-Australia
Novus-Glass
NoWet-Waterless-CarClean
NRMA-Safer-Driving-Schools
Number-Nurses-NZ-Ltd
NumberWorks’nWords
Nu-Steel-Homes-Group-Pty-Ltd
Nutrition-Station
Nutshack-Group-Pty-Ltd
Oasis-Home-Loans
OE-Design-The-Web-Designers
Office-Choice
Oil-and-Vinegar
Okinawa-Goju-Ryu-Karate-Do
Old-Macdonald’s-Travelling-Farms
Ology-Business-Coaching
Onebrella
One-Direction-To-Success-Education
Onehub
OneSteel-Ltd
Online-Business-Success
Online-Pipe-and-Cable-Locating
Open2view-Australasia-Ltd
Oporto
Opposite-Lock
OPSM
Optimum-Cleaning
Optus-Yes-Shop
Oswill-Limited
Oswill-Limited-Master-
Our-New-Freedom
Outback-Jack-s
Outside-Concepts
Outsource-Assault
Oven-BBQ-Cleaning
Ovenu
Oven-Valets-P/L
OZ-Bin-Cleaning-The-Bin-Hygiene-Professionals
OZ-Cover-Building-Design-Pty-Ltd
Ozcrate-Rentals
Oz-Design-Furniture-Pty-Ltd
Ozerentals
Oz-Funland
OZIFIT
Oz-Mowing
Ozroamer-Camper-Trailers-Hire-Sales
OzSpy-Security-Solutions
Ozwide-Property-Maintenance
Ozzy-Tyres
PACK-SEND-AUSTRALIA
Paleo-Cafe
Pampered-Pup
PappaRich-Australia-Pty-Ltd
Paradise-Fresh
Paraffine
Paraserve-Cleaning-Services
Parker-s-Organic-Juices
Park-First-Home-Loans
Parmalat-Australia-Pty-Ltd
Party-Hoppers
Party-Plan-Online
Party-Plus
Party-Shop-Group
Pasta-Cup
Pastacup-Pty-Ltd
Paws-Pet-Sitters
PBM-Fitness-Pty-Ltd
P-C-Micros
Peak-Physique-Hot-Yoga
Pedders-Shock-Absorber-Services
1800-Penguin-Australia
Perfection
Perfect-Timber-Floors
Personalised-Chocolates-4U
Pet-Goods-Direct
Pet-Mobile-Pty-Ltd
Pets-Galore-Australia-Pty-Ltd
Pets-Pantry
Pets-Paradise
Petstock-Pty-Ltd
PetWise-Store
pHence-IT
Phone-Central
Piccolo-Me
Pie-Face-Bakery-Cafe
Pinnacle-Tradex-Pvt-Ltd
PinSource-Australia
Pirtek-Fluid-Systems-Pty-Ltd
PixiFoto
Pizza-Capers-Gourmet-Kitchen
Pizza-Capers-Mobile-Kitchen
Pizza-Cutters-Gourmet-Pizza
Pizza-Event
PIZZA-FRESH-CO.
Pizza-Hut
Pizza-la-Cona
Pizza-Pasta-Please-P3-
Pizza-Temptations
Plan-Ahead-Events
Planet-Beach-Tanning-Spa
Planet-Chocolate
Planet-Power-Energy-Pty-Ltd
Plants-Plus
Plaster-Funhouse
Platinum-Electricians
Playball
Players-Clubs-Ltd
Play-on-Wheels
Plus-Fitness-24/7
Pole-Divas
Polycampers-and-Trailers
Pool-Force
Poolside
Poolwerx
Positive-Training-Solutions
PostNet
Power-ABA
Powerboat-Dealership
PRD-Realty
Precision-Badges
Preggi-Bellies
Pretzel-World
Pretzos
Price-Attack
Priceline-Pharmacy
Pride-Paints
Pristine-Water-Systems-Australia
Proarch-Podiatry
Pro-Axle-Australia
Pro-Axle-Australia-Pty-Limited
Procal
Pro-Dive
Professionals-Real-Estate-Group-ACT/NSW/VIC-
Profix-Franchising-Pty-Ltd
Prographica
Project-M
Property-Club
PropertyGuys
Property-Plus-Australia-Pty-Ltd
Property-Presentation-Professionals
Property-Presentation-Professionals-Master-Franchise
Prosell
Protect-A-Window
Protect-A-Window-Master-
Pro-Teeth-Whitening
provender-Vending-Australia
802!-Pty-Ltd
Puckles-Family-Bakehouse
Pudding-Lane
PurairClean
Pure-Health-Clubs
Pure+Natural
PureProtect
PY-Fencing
Pyjama-Drama
Quest-Apartment-Hotels
Quick-Colourprint.com.au
Radleys-Rotisserie-Chickens-Burgers
Radrock
Raine-Horne-Holdings-Pty-Ltd
RAMS
Ranger-Outdoors
Rapid-Results-Marketing
Rapport-Cleaning-Services
Rashays-Cafes-Restaurants
Raw-Energy
Ray-White-Real-Estate
Ready-Steady-Go-Kids
Real-Property-Photography
Realscope
Realty-International-Franchising-Aust-
Recruitment-Vision-Pty-Ltd
Red-Building
Redclean
Red-Day-Coaching
Red-Energy-Promotions
Red-Fox-Party
Red-Lea-Chickens
Red-Rock-Noodle-Bar
Red-Rooster
Redspot-Car-Rentals
RedVan-Tyre-Colouring
reFaceit
Refills-Now
RE-Franchising-Pty-Ltd
Refresh-Renovations
Refund-Home-Loans
Regal-Mattress-Outlets
RejuvaDetox
Reliance-Roof-Restoration
Rent-a-Renovator-Franchising-Group-Pty-Ltd
Renthire-International-Limited
Rent-2-Own-Cars-Australia-Pty-Ltd
Rent-The-Roo
Rent-with-Style
Resicert-Property-Inspections
Residential-Garage-Doors
Resi-Home-Loans
Resolve-Finance
Restored-Beauty-Getaways
Results-in-Business-Institute
Results-Laser-Clinic
ResumeOne
Resumes-For-Results
Revolution-CD
Rhino-Linings
Rhino-Media
Richardson-Wrench-P/L
Right-At-Home-Australia
Ringmaster-Pty-Ltd
Rise-+-Shine
Rise+Shine-Sleepspecialist
Riviera-Syndication-Pty
RMB-Entertainment
Roadside-Auto-Care
Roam-In-Pizza
Roche-Bobois
Rock-A-Bye-Baby-Hire
Rock-Star-for-a-Day
Rock-the-Wok
Roll-d
Roofseal
Rosie-s-Chicken
Royal-Copenhagen-Ice-Cream-Cone-Co.
Rozzi-s-Italian-Canteen
RP-Vending-Systems-Business-Opportunity-
Rules-Supermarkets
RUN-Property
Rush-Hour-Australia
RYCO-Hose-Pty-Ltd
Sabatini’s-Cafe-Restaurant-Bar
SACKO
SafetyQuip-Australia-Pty-Ltd
SailTime-Australia
Salon-Express-and-Barbershop-Express
Salsas
Salts-of-the-Earth
Salty-Rooster
Samsara-Furniture
Sandpit-Photos
Sandwich-Chefs
Sanec-Furniture
Sapphire-Shades-Australia
Sarpino-s-Pizzeria
SaveOnBills-Australia-Pty-Ltd
Save-Tonnes
Schnitz
Schwob-s-Swiss-Pty-Ltd
Scoot2you
Scope-IT-Education
Scotty-s-–-The-Movers!
Scrooz
Sea-Clear
Sea-Tow-Services-Australia-Pty-Ltd
SECFI-Property-Investment-Coaches
Secretary.com.au
Security365-Pty-Ltd
SelectCleaning
SelectLawnMowing
SelectValet
Senior-Helpers-Australia-New-Zealand
SensaSlim
Sentry-Vault
Seor-Paella
Sergio-s-Cake-Shop
Seriously-Addictive-Mathematics
Seven-Gourmet
Sextastic-Franchising-Pty-Ltd
Sexy-Floors-Australia
Shaver-Shop-Pty-Ltd
Shed-Boss
Sheds-n-Homes
She-Fitness
Sherpa-Kids-Australia
Shift8
Shine-Hand-Car-Wash-Cafe
SHINE-IT-Stainless
Shingle-Inn-Cafes
Shoebox-Bookkeeping
Short-Run-Promotions
Show-Girls-Bar-20
ShutterSlide-DVD-Photo-Shows
Signarama
SignFX
Signwave
Silent-Windows
SILK-Laser-Clinics
Silver-Secrets-Shhh-Pty-Ltd
Simon-s
Simply-Helping
Sizzling-Roaster-Catering
Skalli
Skewerz-Kebabz
Skills-Centre
Skippy-Home-Loans
Sky-Blue-Coffees-Pty-Ltd
Slab-Works
SLAM-Strategy
Sleepy-s-The-Mattress-Experts
Slipsafe-Australia
Slique
Slush-Puppie
S2M2
Small-Business-Accounting
SmartCare
Smartline-Personal-Mortgage-Advisers
Smart-Saver
SmartWax-Australia
Smith-Sons-Renovations-Extensions
Snap-Fitness
Snap-on-Tools-Australia-Pty-Ltd
Snap-Print-Design-Websites
Snooze
Snorepro-New-Zealand-Limited
Snowgum
Snowy-Joey
Soccajoeys
Soccer-Play-Program
Soccer-Time-Kids
Social-Media-Business-Boosters
Soft-Stone-Sculptures-Pty-Ltd
Solomons-Flooring
Solutions-For-Success
Soul-Origin
Southern-Cross-Chauffeur-Drive-Pty-Ltd
Souvlakihut-Pty-Ltd
Spanish-Doughnuts
Spanline-Home-Additions
sparklean-detailing
Speciality-Entertainment-Pty-Ltd
Speedfit
Speedheat-Australia-Pty-Ltd
Speedliner-Australia
Splash-Swim-school-Australia
SponsoredLinx
Sport-Star-Academy
Sportzing-Court-Care-Pty-Ltd
Spray-Pave-Australia
SpudBAR
sSs-BBQ
Stacks-of-Snacks
Stagecoach-Performing-Arts
Stain-Busters
Stained-Glass-Overlay-Australia-Pty-Ltd
Star-Couriers
Starshots-Glamour-Photography
Star-Tech-Auto-Refinishing-Maurowen-Pty-Ltd-T/A-
Stay-Clean-Hands
Steamatic
Stellarossa-Cafes
Step-into-Life
Stepz-Fitness
Steve-Costi’s-Famous-Fish
Stir-Crazy
St.-Louis-House-of-Fine-Ice-Cream-and-Dessert
Stockdale-Leggo
Stockland
Storage-King
Storybook-Cottages
Stratapay
Strathfield-Group-Limited
Stratton-Finance
Strong-Mind-Set
Struddy-s-Sports
Studio-Pilates-International
Stufflers
Subway
Success-Tax-Professionals
Sugar-International-Ltd
SUKI-Sushi-Burrito-Pty-Ltd
SumoSalad
Sunshine-Coast-Milk-Pty
Sunshine-Kebabs
Supanews
Super-Easy-Storage
Superfinish-Express
SuperFurn-Furniture
Supergeek.com.au-Pty-Ltd-PC-Support
Superseal-International-Pty-Ltd
Super-Shower-Seal
Sureslim-Australia-Pty-Ltd
Survival-First-Response
Sushi-Sushi
Sushi-Train
Sustainable-Building-Distribution-Group
SVA-Vending
Sweet-Dreams-and-Goodnight
Sweet-Explosion
Swimart
Swisher-Hygiene-Pty-Ltd
Swiss-Deli
sydney-digital-television
Sydney-Painting-Professionals
Synergy-Business
system:slim
Taco-Bill-Mexican-Restaurants
Taco-Burger
Tag-It-Safe
Taking-It-Easy
Tamawood-Homes
TAPSNAP
Taps-n-Toilets
Target-Training
Taskforce
Taste-Living
Taste-of-Europe
Tasti-D-Lite-Australia
Tasty-Trucks
Tattersalls-Sweeps
TaxAssist-Accountants
TaxSmart-Accountants
Technocash-Pty-Ltd
Telcoinabox
TeleChoice
Telstra-Licensed-Shops
Tender-Loving-Cuisine
Termguard-Pty-Ltd
Termicam-Franchising-Pty-Ltd
Terry-White-Chemists
Testel-Australia
Testequip
The-Ad-Company
The-Alternative-Board
The-Athlete-s-Foot
The-Better-Business-Group
The-Bookkeeping-Network
The-Brazilian-Hut
The-Burrito-Bar
The-Business-Commandos
The-Car-Kit-Company
The-Cheesecake-Shop-Pty-Ltd
the-chocolate-room
The-Coaching-Institute
The-Coffee-Club-Group
The-Coffee-Emporium
The-Coffee-Guy
The-Coffee-Shot
The-Colour-Corporation
The-Complete-Garden-Pty-Ltd
The-Computer-Market-Pty-Ltd
The-Concrete-Cutter
The-Contact-Group
The-Country-Brewer
The-Cupcake-Bakery-Franchising-Pty-Limited
The-Drug-Detection-Agency
The-Duster-Dollies-Pty-Ltd
The-Elephant-Boy-Cafe
The-Fairies-Franchise-Pty-Ltd
The-Fix-Program
The-Frenchams-Group
The-Furniture-Guys
The-Gold-Club
The-Good-Bean-Espresso-Bar
The-Good-Feet-Store
The-Groove-Train
The-Grout-Guy
The-Happiness-Institute
The-Helen-Doron-Group
The-Ink-Shop
The-Interface-Financial-Group-–-IFG-50-50
The-Jolly-Miller-Cafe
The-Kebab-Co
The-Laptop-Man
The-Laser-Lounge-Franchising-Pty-Ltd
The-Leather-Doctor
The-Local-Shack
The-Logoers
The-Love-Shop
The-Lucky-Charm-Pty-Ltd
themallplus
The-Minders-Total-Building-Garden-Care-Pty-Ltd
The-Mortgage-Bureau-Pty-Ltd
The-Mortgage-Gallery
The-Music-Bus
The-Natural-Source
The-Natural-Vending-Company
The-Natural-Way
Theobroma-Food-Of-The-Gods-Pty-Ltd
The-Original-Poster-Company
The-Original-Tavern-Nut-Co.
The-Outdoor-Furniture-Specialists-Pty-Ltd
The-Pedi-People
The-Pest-Control-Company
The-Phone-Factory
The-Poultry-Place
The-Property-Shop
The-Quantum-Organization
The-Quilt-and-Pillow-Factory
The-Real-Learning-Experience
The-Rewards-Team
Thermofix-Australia
The-Safety-Shop
The-Secret-to-Prosperity
THE-Shed-Company
The-Sleeping-Giant
The-Source-Bulk-Foods
The-Sporting-Globe-Bar-Grill
The-Tea-Coffee-Merchant
The-Toenail-People-Australia
The-Tyre-Factory
The-Unfair-Advantage
The-Vast-Interior
The-Waterboys-Pty-Ltd
The-Wife-Home-Cleaning-Services-Pty-Ltd
The-Woofer-Washer
Thrifty-Australia-Pty-Ltd
Thrifty-Link-Hardware
Tiaki
Tidy-Car-WA
Tidy-Tenants
Tilemart-Pty-Ltd
Tile-Rescue
Timezone
Tinies-Childcare
Tint-a-Car
Tiny-Tots-Tennis-Pty-Ltd
TMA-Corporation
TMS-Franchising
Tobacco-Station-Group
Tokyo-Sushi-Kitchen
Tommy-Gun’s-Original-Barbershop
Tom-s-Trash-Paks-Pty-Ltd
Toner-Action-Western-Australia
Toni-Guy-Hairdressing
Toolforce-Pty-Ltd
Top-Juice
Top-Noodle
Top-Snap
Toscani-s-Cafe-Bar-and-Restaurant
Total-Fitouts
Total-Hose-Australia-Pty-Ltd
Total-Literacy-World-Pty-Ltd
Totally-Workwear
Totalspan
Total-Tools
Tot-s-Taxis-Pty-Ltd
Touch-Up-Guys
TowFix
Towncars-Networks-Australia
Town-Country-Pizza-Pasta
TPR-Group-your-healthy-office-solutions
Traditional-Bathrooms
Trampoline-Gelato
Transformers-Fitness-for-Kids-Pty-Ltd
Tri-Nature
TRIOS-WRAPS
Triple-O-Property-Maintenance
Triskills-Australia
Tropical-Sno
TRUE-CHOICE-HOME-LOANS
Trueline-Patios-and-Extensions-Pty-Ltd
True-Value-Solar
TSG-Franchise-Management
Turf-Irrigation-P/L
TutorBright
Tutor-Doctor-Australia-Inc.
TV-Magic
Twelve-Boar
Twintop-License-Agreement-
Two-Men-and-a-Truck
Tyres-More
U-Brewit
Uhoo
Ultimate-Tiles
Ultra-Home-Loans
Ultra-Tune-Australia
Ultra-Tune-SA-Pty-Ltd
Under-wraps
Unified-Wealth-Solutions
Uniform-Superstore
Union-Ergonomics
Unique-Laser
United-Home-Services
United-Petroleum
Urban-Burger
Urban-Spa-Australia
Uticolor
uVme-Money
Vaby-s-Mediterranean-Grill
Vancouver-Ho-Math-and-Chess-Tutor
Van-Go-Australia
Vanity-Bar
VATMAN-International-Pty-Ltd
Vendzone-Pty-Ltd
Video-Busters
Villa-Hut
Villa-Hut-Mobile-Kafe
V.I.P.-Australia
Vision-Alliance
Vision-Personal-Training
Viva-Life-Photography
V-Kool-Automotive-Australia-Pty-Ltd
Vulcano-Gelato
Waffle-Factory
Wagss
Wahoo-s-Fish-Taco-of-Australia-Pty-Ltd
Walker’s-Doughnuts
Walkers-Party-Hire
Walk-On-Wheels-Franchise-Systems-Pty-Ltd
Wasabi-Warriors
1300-4-Waste
Watchouse
Watch24-Security-Systems
Wealth-Masters-International
Wealthy-Friends-4-Life
Wealthyfrog
we-are-LR-business-centre
Webster-and-Wood
We-Can-Respite-Services
Wedding-Links
Weeding-Women
Wenatex
Wendy-s-Music
Wet-seal
What-Scratch?
What-s-New
whealthstyle-pty-ltd
White-Squires
WH-Smith,-Wild-Card-Gifts,-Kenny-s-Cardiology-and-Supanews
Wigs-On-Wheels
Wigs-On-Wheels-Hunter-Region
Wild-Cards-Gifts
WiseOnes-Australia-Pty-Ltd
Wokinabox
Wok-Me
Wok-Storm
Wood-Rot-Doctor-Franchising-Pty-Ltd
Workforce-Extensions
Workout-World-Pty-Ltd
Worldcup-Soup-Research-Edge-
World-of-Maths-Pty-Ltd
Worldwide-Online-Printing
Worldwide-Refinishing-Systems
WRAPAWAY
Wrappings
Wray-Organic-Franchise-Market-Cafe
WSI
www.thelandsmiths.com
Xero
10X-Limited
10X-Limited-Master-Franchise-
Xpresso-Delight-Pty-Ltd
Xpresso-Mobile-Cafe
Yarra-Valley-Farms
Yazeed-more
YogurBerry
Yong-Real-Estate
You-Can-Bake-It
Your-Caretaker
Your-Cleaner
Your-Home-Services
Your-Law-Firm
Your-Own-Leader
Zalmhair-Franchising
Zambrero
Zarraffa-s-Coffee
ZEN-Energy-Systems
Zento-Group-Pty-Ltd
Zesta-Kitchens
Zeus-Street-Greek
Zubias-Threading
