Adult-Prepaid-Australia-s-1-Prepaid-Internet-Access-Card;302
AllSafe-Franchising-Pty-Ltd-AllSafe-Energy-Efficient-Products;302
Assured-Financial-Wellness-Part-of-the-Assured-Home-Loans-Group;302
Austvending-Pty-Ltd-;302
Back-to-Basics-Education-Pty-Ltd-;302
BANJO’S-BAKERY-CAFE;302
Commonwealth-Bank-Mortgage-Innovation-and-Financial-Services-licence-agency-opportunity;302
Croc’s-Playcentre;302
Croissant-Express;302
Domino’s-Pizza-Enterprises-Limited-Domino’s;302
Expense-Reduction-Analysts-–-Asia-Pacific;302
e&178;-Young-Engineers;302
Ezy-Clip-Fencing-Systems™;302
Fantastic-Services-Group-Pty-Ltd-;302
Fernwood-Women’s-Health-Clubs;302
FLIP-OUT-–-Trampoline-Arena-Pty-Ltd;302
GB-Oceania;302
Gelare-Caf;302
Harts-Party-Hire-[Victoria]-Pty-Ltd;
Just-Cuts™;302
Latte-Cartelle-–-Coffee-Drive-Thru;302
Lenard’s-Chicken;302
M2-Commander-Pty-Ltd-;302
New-York-Slice;302
NumberWorks’nWords;302
OE-Design-The-Web-Designers;302
Old-Macdonald’s-Travelling-Farms;302
PIZZA-FRESH-CO-;302
Property-Presentation-Professionals-Master-Franchise;302
Pyjama-Drama;302
Royal-Copenhagen-Ice-Cream-Cone-Co-;302
Sabatini’s-Caf-Restaurant-Bar;302
Scotty-s-–-The-Movers;302
Steve-Costi’s-Famous-Fish;302
Super-Easy-Storage;302
The-Interface-Financial-Group-–-IFG-50-50;302
The-Original-Tavern-Nut-Co-;302
THE-Shed-Company;302
The-Source-Bulk-Foods;302
Tommy-Gun’s-Original-Barbershop;302
Tutor-Doctor-Australia-Inc-;302
Walker’s-Doughnuts;302
WH-Smith-Wild-Card-Gifts-Kenny-s-Cardiology-and-Supanews;302
