A-A-Abloom-Ace-Gardening-Services;200
AAA-Uniform-Central;200
AA-Real-Estate-Business-Brokers;200
A-Balloon-and-Party-Centre;200
ABC-Business-Coaching;200
ABC-Nursery-Hire;200
ABS-Automotive;200
Absolute-Apparel;200
A1-Business-Group-Pty-Ltd;200
Access-Equity-Finance;200
Accolades-and-More;200
AccommodationGuru-com;200
Accountants-R-Us;200
Accounting-Express-Centre-Franchises;200
Accounts-Receivable-Solutions-Australia-Pty-Lt;302
Ace-Body-Corporate;200
Ace-Cleaning-Services;200
Ace-Cleaning-Services-Master-Franchise;200
Ace-Security-Laminates;200
Action-Cash-Loans;200
ActionCOACH;200
Activ-Web-Design;200
Adara-Hotels-Apartments;200
Added-Value-Concepts-Australasia-Pty-Ltd;200
Aditude-Advertising;200
Admed;200
AD-TEX-Pty-Ltd;200
Adult-Prepaid-Australia-s-1-Prepaid-Internet-A;302
Advanced-Hair-Studios;200
Advanced-National-Services;200
Advanced-Pet-Sitting;200
Afea;200
Affordable-Maids;200
AGEL-Independent-Executive;200
AGL-Retail-Energy-Limited;200
Aida-Real-Estate-QLD-Pty-Ltd;200
AIV-Developments-Pty-Ltd;200
A-La-Turko-Food-Industries-Pty-Ltd;200
Alchemy-Network;200
Aldon-Tutoring;200
ALDON-TUTORING-CENTRES;200
Ali-Baba;200
Alive-Clinics;200
Allphones;200
AllSafe-Franchising-Pty-Ltd-AllSafe-Energy-Eff;302
Aloetrade-America-LLC;200
Alpha-H-New-Skin-Begins;200
Alter-It-Clothing-Alterations;200
Altitude-The-Height-of-Fitness;200
Amalgamated-Pest-Control;200
A-4-MATHS-Learning-Centres-Pty-Ltd;200
Amazing-Clean;200
Amazing-Fencing;200
Amazing-Water-Pty-Ltd;200
Amber-Group-Australia;200
Ambiance-Interiors;200
AMC-Commercial-Cleaning;200
AMC-Commercial-Cleaning-NSW;200
A1-MOBILE-RADIATOR-REPAIRS;200
AMX-Financial-Services;200
Andersens-Floorcoverings;200
Andrews-Affordable-Housewashing-Service;200
Andrew-s-Affordable-Mowing-Service;200
Angus-Robertson;200
Antica-Gelateria-del-Corso;200
Anton-s-Flying-Woks;200
Anytime-Fitness;200
ANZ-Mobile-Lending;200
Apex-Pacific;200
Appetitos-Italian-Eatery;200
Appliance-Tagging-Services-Pty-Ltd;200
AquaPaintz-Direct;200
Aquarium-Gallery;200
Aquatic-Achievers;200
Arbonne-International-Australia;200
Aroma-Cafe;200
Aromas;200
Arrive-on-Time-Appliance-Repairs;200
ARS-Recruitment;200
Art-for-Gardens-Gallery;200
Art-Of-Aquaria-Pty-Ltd;200
A-S-C-Transfer-Services;200
AskRoz;200
Assured-Financial-Wellness-Part-of-the-Assured;302
A-Table-for-Six;200
Atel-Ausnac;200
Auction-It-Today;200
AuctionsRus;200
Aus-Dent-Franchising-Pty-Ltd;200
Auset-Specialty-Castles;200
AUSK-STONE-CORPORATION;200
Aussie;200
Aussie-BBQ-Cleaning-Pty-Ltd;200
Aussie-Disposals;200
Aussie-Farmers-Direct;200
Aussie-Mobile-Grooming;200
Aussie-Mobile-Grooming-Master;200
Aussie-Mortgage-Masters;200
Aussie-Payday-Loans;200
Aussie-Pooch-Mobile-Dog-Wash;200
Aussie-Soles;200
Aussie-Vending;200
Australia-City-Guides;200
Australian-Academy-of-Tai-Chi;200
Australian-Baby-Hands;200
Australian-Educational-Consultancy;200
Australian-Homemade;200
Australian-Hot-Water;200
Australian-Independent-Vendors-Pty-Ltd;200
Australian-Institute-of-Mathematics;200
Australian-Lending-Corporation;200
Australian-Poker-League;200
Australian-Private-Realty;200
Australian-Recruiting-Office-Network-Pty-Ltd;200
Australian-Skin-Clinics;200
Australian-4WD;200
Australia-Post;200
Australia-Wide-IT;200
Austvending-Pty-Ltd;200
Austvending-Pty-Ltd-Master;200
Auswide-Finance-Solutions-P-L;200
Autobarn;200
Auto-Klene;200
Auto-Leaders-All-Car-Servicing;200
Auto-Masters-Australia-Pty-Ltd;200
Autopass;200
Autoshine-Australasia;200
Autospark;200
Award-Bookkeeping-Company;200
Awesome-Mortgages;200
Awesome-Promotions;200
A-Window-to-your-Womb;200
Axiom-Compliance;200
Axon-Education-Group;200
Ayurwoman-Ayurveda-Clinic;200
BackCare-Seating;200
Back-in-Motion-Physiotherapy;200
Back-to-Basics-Education-Pty-Ltd;200
Bakers-Club;200
Bakers-Delight;200
Balance-Healthcare;200
Bali-Beautique-Spa;200
Balls-N-Bumpers;200
BANJO-S-BAKERY-CAFE;200
Barbara-s-Cleaning-Services;200
Barbara-s-Cleaning-Service-Tasmania;200
Bar-Bellaccino;200
Barbeques-Galore;200
Bargain-Wheels-Car-Rentals;200
Bark-Busters;200
Bar-Roma-Cafe;200
Barry-Plant-Real-Estate;200
Barry-s-The-Home-Improvers;200
Bartercard-Australia;200
Basix-Organix;200
Baskin-Robbins;200
Bathroom-Werx;200
Bathurst-City-Centre;200
Battery-World-Australia;200
Bay-Bee-Cino;200
BBQ-Hero;200
bb-s-cafe-Retail-Food-Group-Australia;200
BCM-Business-Cost-Management;200
BCPL-BONE-CHINA;200
BCS-Body-Care-Secrets;200
Beach-House-Bar-Grill;200
Beach-House-Fitness;200
Beacon-Lighting;200
Bean-Bar;200
Bean-to-Tea;200
Beaumont-Tiles;200
Beauty-On-The-Go;200
Beauty-Spa-Club-International;200
BeautyWell;200
Beavertails-Pty-Ltd;200
Bebrite-Cleaning-Franchise;200
Beds-for-Backs-Franchising-Pty-Ltd;200
Bedshed;200
Beetle-Branding;200
Begin-Bright;200
Bejour-Event-Management;200
Belgravia-Formalwear;200
Bella-Casa;200
Bendigo-Bank;200
Ben-Jerry-s;200
Berkeleys-Franchise-Services-Pty-Ltd;200
Best-Ever-Home-Business;200
Betta-Home-Living;200
Bevinco-Australia-Pty-Ltd;200
Bev-Marks-Beds-Australia;200
Beyond-Freedom-Make-An-Investment-In-Yourself;200
BforB-Australia;200
Bidding-Buzz-Franchise;200
Big-Ben-Services;200
Big-Dad-s-Pies;200
Big-Fun;200
Biggin-Scott-Corporate-Pty-Ltd;200
Big-5-Sports;200
Bike-Force-Australia;200
Billy-Baxters-Pty-Ltd;200
Bizzone;200
Blockbuster-Australia-Pty-Ltd;200
Bloomtools;200
Blow-Dry-Bar;200
Bluejet-Pty-Ltd;200
Blue-Toro-Mobile-Mechanics;200
Blue-Wheelers-Pty-Ltd;200
Boab-Boat-Hire;200
Bobazt;200
Bob-Jane-T-Marts;200
Bob-s-Office-Inks-Toners;200
Bodiez-24-7-Fitness;200
Bonbons-Bakery;200
Bond-Wireless;200
BONGO-Transit;200
Books-Gifts-Direct-Pty-Ltd;200
Books-Onsite;200
Bookwiz;200
Boost-Juice;200
Boot-Camps-Australia;200
Borderline-Concrete-Garden-Edging;200
Boring-Chores;200
Bosetti-Pty-Ltd;200
Boss-Building-Maintenance-Australia;200
bossy-hair;200
Boulangerie-deFrance;200
Bounceback-Cartridges;200
Bowler-Geotechnical;200
Box-Corporation;200
Boxing-Fit;200
Brad-s-Test-and-Tag;200
Brain-Boost;200
Brainwave-Transition-to-School;200
Brakes-Plus-Pty-Ltd;200
Bramalco-Group;200
Brazilian-Beauty;200
Brazilian-Butterfly-Australia;200
Breathing-Space-Cafe;200
Breeze-Photos;200
Bricks-4-Kidz;200
Bridgestone-Select;200
Briggins;200
Bristol-Banner-Group;200
Bristol-Decorator-Centres;200
Brodies-Mealmakers;200
Brotzeit-German-Bier-Bar-and-Restaurant;200
Brotzeit-International-Pte-Ltd;200
Brown-Gouge;200
Brumby-s-Bakery;200
Brumby-s-GO;200
B-S-Mobile-Sharpening;200
Bucking-Bull;200
Budget-Rent-a-Car;200
Bugroff;200
Building-Pest-Inspections-P-L;200
Building-Repairs-Maintenance;200
Bureaux;200
Burger-Boss;200
Burger-Edge;200
BurgerFuel;200
Burger-Urge;200
Burgundy-Limousines;200
Busby-Web-Solutions;200
Bush-Essentials;200
Business-Class-Transfers;200
Business-Connection-International;200
Business-Mechanic;200
Business-Surveillance;200
Butterfly-Silver-Franchising-Pty-Ltd;200
Buy-Australian-Properties-Corporation-Pty-Ltd;200
Cabot-Square;200
CAD-Partners-CFO-On-Call;200
Cafe-BUZZ;200
Cafe2U-mobile-coffee-franchise;200
CAFEXPRESS;200
Cake-It-Away;200
Caltex-Australia-Petroleum-Pty-Ltd;200
Calypso-Restaurant;200
Capital-Trust;200
Cappuccino-Xpress;200
Carbon-Planet-Ltd;200
Car-Care-Australia-Pty-Ltd;200
Card-Connection-Pty-Ltd;200
Cargroomers-Pty-Ltd;200
Carmagic-Aust-International;200
Carpet-Call;200
Carpet-Cleaners-Carpet-Cleaning;200
Carpet-Court;200
carreviver;200
Cartridge-World;200
Cash-Converters-International;200
Cash-Loan-Money-Centres-Pty-Ltd;200
Cash-Now-Australia;200
Catmax-International-pty-ltd;200
Cavalier-Homes-Australia;200
CBI-Coaching;200
Cellulike;200
Century-21-Australia;200
CFM-Australia;200
Changing-Places-Real-Estate-Consultants;200
Charcoal-Chicken-Express-Pty-Ltd;200
Charco-s-The-Flaming-Chicken;200
Charlie-Lovett;200
Chatime;200
Cheeky-Chicken;200
Chem-Dry-Australia;200
Cherry-Bridge-Station;200
Chess-Kids;200
Chess-Wealth-Partners;200
Chicken-Express-Systems-P-L;200
Chicken-Treat;200
Chick-N-Feed;200
Chipmunk-s-Playland-Cafe;200
Choclicious-Franchising-Pty-Ltd;200
Choco-Churro;200
Chocolateria-San-Churro;200
Chocolatree;200
Choice-Hotels-Asia-Pac;200
Chooka-s-Char-Grilled-Chicken;200
CHOOKS-fresh-tasty;200
Cibo-Espresso;200
Circle-of-Love-Pty-Ltd;200
Cirillo-Lighting-And-Ceramics;200
Citiwide-Homeloans;200
City-Convenience-Store;200
City-Farmers-Dogwash;200
City-Farmers-Franchising;200
City-Finance;200
City-Pacific-Finance;200
City-ProSign-Engineering;200
Civic-Video-Pty-Ltd;200
Clark-Rubber-Franchising;200
Clean-Green-Strata;200
Cleaning-Wizard;200
Cleanskin-Cellars;200
Clean-Space-Solutions;200
Cleanstate-Commercial-Cleaning;200
Cleantastic;200
Clearwater-Wheelie-Cleaning;200
Cloud-9-Weight-Loss-Studio;200
Cocolat-Franchising-Pty-Ltd;200
Coconet-International-Pty-Ltd;200
CodePrint;200
1582-Coffee;200
Coffee-Bella;200
Coffee-Biz;200
Coffee-Culture;200
Coffee-Ezy;200
Coffee-Guru;200
Coffee-Hit;200
Coffee-Machine-Express;200
Coffee-News-Australia;200
Coldwell-Banker-Franchise;200
Collins-Booksellers;200
Color-Bar;200
Colorglo-Australia;200
Combined-Insurance;200
Commercial-Bedding;200
Commercial-Maintenance-Group;200
Commonwealth-Bank-Mortgage-Innovation-and-Fina;302
Communicat-Business-Solutions;200
Complete-Framing-Australia;200
Complete-Freedom;200
Computer-Gym;200
Computer-Support-Partners;200
COMPUTERTOTS-Computer-Explorers;200
Computer-Troubleshooters-Australia;200
Concepts-Unlimited-Franchising-Pty-Ltd;200
Concrete-Taxi;200
Conias-Real-Estate;200
Consortium-Finance-Pty-Ltd;200
Contours-Ladies-Fitness-Weight-Loss-Franchise;200
Con-X-ion-Airport-Transfers;200
Coochie-Hydrogreen;200
Cookie-Man-Pty-Ltd;200
Coolabah-Tree-Cafe;200
Cooper-Automotive;200
Copiworld;200
Copyfax-Stationers;200
Cordless-Filter-Machine;200
Cost-Less-Plants-Pty-Ltd;200
Cost-Reduction-Analysts;200
Cosy-Insulation;200
Country-Franchising;200
Couriers-Please;200
Cove3-Mobile-Solution-Providers;200
Coverall-Cleaning-Concepts;200
CPR-Complete-Property-Rejuvenation;200
Crackmasters;200
Crashman-Computer-Solutions;200
Craveable-Brands;200
Crave-Communications;200
Crave-Ice-Creamery;200
Crazy-Candles;200
Crazy-John-s;200
Created-By-Hands-Acrylic-Designs;200
Creative-Capers;200
creative-image-craft-painting-studios;200
Crema-Espresso;200
Crema-Espresso-Master-Franchise;200
Crepe-Cafe;200
Crestcom-International-LLC;200
Croc-s-Playcentre;200
Croissant-Express;302
Crown-Gleeson-Business-Finance;200
Crust-Gourmet-Pizza;200
Crystal-Blu;200
CSI-Sports-Trading;200
CSS-Corp;200
CTA-Australia-Pty-Ltd;200
Curbcrete-Pty-Ltd-Innovative-Garden-Edging;200
Curves;200
CV-Media-Signs;200
CXpresso;200
Cyclone-Doors;200
Cymeon-Pty-Ltd;200
Daily-Addiction;200
Daisy-Drycleaning;200
Dale-Wood-Business-Sales-Consultancy;200
DanceHeads;200
Dance-Oz-4-Kids;200
3D-and-4D-Ultrasounds;200
Danlaid-Contracting;200
DarkStar-Tanning-Studio;200
Darriwill-Farm-Gourmet-Food-Gift-Merchants;200
David-Reid-Homes;200
7D-Cinema;200
DCM-Coffee-Donuts;200
Debt-Rescue;200
DecoGlaze;200
Degani-Cafe;200
De-Lamauta-Coffee-Tea-Specialists;200
Delta-Packaging;200
Dent-Force;200
Dent-Masters;200
De-Pot-Man;200
Designed-Blinds-Australia;200
Dessert-House;200
Destination-for-Men;200
Destiny-Financial-Solutions;200
Detpak;200
Dewson-s-Supermarkets;200
Dexion-Limited;200
D-Fine247;200
Dial-A-Digger;200
Dial-An-Angel;200
Diamond-Australia;200
Dia-Oro-Jewellery-Pty-Ltd;200
DineOnline;200
Direct-Appliance-Rentals;200
Direct-Pest-Control;200
Dirty-Dick-s-Theatre-Restaurants;200
Dixon-Homes;200
DLONDLOBALA-FREIGHT-CC;200
Do-All-Appliance-Service;200
Dodo-Connect;200
DogTech-International-Pty-Ltd;200
DOGUE-Dog-Boutique-and-Spa;200
Dollar-Curtains;200
Dome-Coffees-Australia-Pty-Ltd;200
Domino-s-Pizza-Enterprises-Limited-Domino-s;200
Don-t-Fret-Pet;200
Donut-Delirium;200
Donut-King;200
Dream-Achieve-Become;200
Dream-Doors-Australia;200
Dreamy-Donuts;200
Drinks-by-the-Bar;200
Drummond-Golf-Shops;200
Drymaster-Carpet-Cleaning;200
Duco-Fix;200
Duco-Magic;200
Dunkin-Brands-Australia-Pty-Ltd;200
Duplex-Cleaning-Machines;200
Duticall;200
Dymocks;200
EAGLE-BOYS;200
Earthborn;200
Easy-Payment-Options;200
Easy-Way;200
Eatout-Restaurant-Guides;200
Ecomist;200
E-com-POS-Pty-Ltd;200
Eco-Pest-Control;200
Eco-Pest-Control-Pty-Ltd;200
Edworks-Active-Learning;200
EFM-Health-Clubs;200
Egnatium;200
El-Churro;200
Elders-Limited;200
Electrodry;200
Electronic-Injector-Services;200
Elemental-Life-Pty-Ltd;200
7-Eleven;200
Elite-Crete-Australia;200
Elite-Fitness-Equipment;200
Elite-Maint-Service-Pty-Ltd;200
Ella-Bache;200
EmbroidMe;200
Empower-Network;200
Endeavour-Connect;200
endota-spa;200
Endrust-Australia;200
Engel-Vlkers-Australia;200
Enhance-Plus;200
E-nopi-MATH-Learning-Centre;200
Ensuites-On-Tow;200
EnVie-Fitness;200
Enviroblast-Pty-Ltd;200
Enviro-Car-Care-Pty-Ltd;200
Enviro-Chasing-Services;200
Enzed;200
Epiclean;200
Escape-Travel;200
Espresso-Essential;200
Espresso-Mobile-Cafe;200
Espresso-Vend-Australia-Franchisor;200
Esquires-Coffee-Houses;200
Essential-Beauty;200
Ettamogah-Franchising-Systems;200
Eureka-Franchise-Pty-Ltd;200
Europcar;200
Event-Photography-Com;200
Events-of-Elegance;200
Exclusive-Collectables;200
Executive-Property-Maintenance;200
Expense-Reduction-Analysts-Asia-Pacific;200
123-Express;200
Express-Bookkeeping;200
Express-Business-Group;200
Express-Lube;200
Express-Personnel-Services;200
Extreme-DrivingNet;200
e&178;-Young-Engineers;302
Ezi-Boxing-Systems-Pty-Ltd;200
Ezy-Clip-Fencing-Systems™;302
Ezypayroll-Pty-Ltd;200
FAD-Cheer-and-Dance;200
Fantastic-Services-Group-Pty-Ltd;200
Fasta-Pasta;200
Fastway-Couriers-Australia;200
Fatzap;200
FBAU;200
FCF-Fire-and-Electrical;200
Femme-For-Tile;200
Ferguson-Plarre-Bakehouses;200
Fernwood-Women-s-Health-Clubs;200
Ferrari-Kitchens;200
Fibonacci-Coffee-Franchise;200
Fibrecare-Australia-Group-Pty-Ltd;200
Fibrenew-International;200
Fifi-s-Lebanese-Restaurants-Pty-Limited;200
Fifo-Capital;200
FiltaFry;200
FinditSmart;200
Find-the-Business;200
Finest-Alterations;200
Fire-Shaper;200
First-Class-Accounts;200
First-Class-Capital;200
First-Index;200
Fisher-Jenkin-Workplace-Safety;200
Fisher-Paykel;200
Fishmongers-Australia-Pty-Ltd;200
Fit-Family;200
Fit-Girl-Club;200
Fitness-Enhancement-Personal-Training;200
Fitness-Matters-Franchising-Pty-Ltd;200
Five-High;200
Fixzit-Australia-Pty-Ltd;200
Flakey-Jake-s-Franchising-Pty-Ltd;200
Flannerys-Natural-Grocers;200
Fletchers-Fotographics;200
Flight-Centre;200
Flight-Experience;200
FLIP-OUT-Trampoline-Arena-Pty-Ltd;200
Flippin-Fresh-Seafood;200
Floral-Fruits;200
Floral-Image;200
Flowers-By-Fruit;200
FluidMasters-International;200
Fluidrive-Powertrain-Partners;200
FocalPoint-International;200
Focus-On-Gifts;200
Fonebox;200
FoodCube-Australia;200
FoodWorks;200
Ford-Doonan-Air-Conditioning;200
For-Sale-By-Owner-Australia-Pty-Ltd;200
Forte-School-of-Music;200
Forty-Winks;200
Four-Seasons-Gutter-Protection;200
FOX-Mowing-Gardening;200
Framework-Group;200
Franchise-Retail-Brands;200
Franchising-Magazine;200
Franck-Provost-Paris-salons;200
Freedom-Furniture;200
Freeman-Fox-Franchising-Pty-Ltd;200
Frenchy-s-Fashion-Factory;200
FRESH-Healthy-Cafe;200
Fresh-Healthy-Vending;200
Freshii;200
Fritz-Gelato;200
Frontline-Recruitment-Group;200
Fruition-Tuition;200
Funk-Life-Designs;200
Funk-Life-Glass-Vases;200
Funky-Mexican-Cantina;200
Fusion-Partners;200
Gameking;200
Games2u-Australia;200
Gametraders;200
Garlo-s-Pies;200
Gaspower-Australia;200
GB-Oceania;302
Geeks-on-Call-Pty-Ltd;200
Gee-Whizz-Computers;200
Gelatino;200
Gelatissimo;200
Gelare-Cafe;200
Gelare-International-Pty-Ltd;200
Getaway-Demolition-Excavation;200
Get-Grilled;200
Get-Threaded;200
G4GuitarSchools;200
GIMA-Pty-Ltd;200
gizmo;200
Glass-Technology;200
GlideHair;200
Glitz-n-Glamour-Phoography;200
Global-Burgers-International-Pty-Ltd;200
Global-Gear;200
Global-Gossip;200
Global-Living-Furniture-Homewares-Group-Pty-Lt;302
Global-Safe-Technologies-Australia;200
Globepro;200
Gloria-Jean-s-Coffees;200
GNC-Live-Well;200
Gniega-Skin-Clinics;200
Go-Baby-Hire-Sales;200
Godfreys;200
Go-Gecko;200
Goldsteins-Bakery-Pie-Shop;200
Goldsteins-Pie-Shop-Bakery;200
Good-Sports-Home-Services;200
Goodwood-Co;200
Goodyear-Autocare;200
Goop-Guys;200
Go-Sushi;200
1800-GOT-JUNK;200
Got-One-Pty-Ltd;200
Gotta-Getta-Group;200
GrabaDiscount-com-au;200
Grace-Removals;200
Graffiti-Eaters-Stain-Eaters;200
GRAINassist;200
Granite-Transformations;200
Grasshopper-Soccer;200
Grease-Lightning;200
Green-Cleen-Wheelie-Bin-Cleaners;200
Green-Homes-Australia;200
Green-Planet-Grass-Unit-Trust;200
Grey-Army;200
Grill-d;200
Grinners-Catering;200
Grip-Guard;200
GroutPro;200
Gshopper;200
Guava-Bean;200
Gutter-Vac;200
Guzman-y-Gomez-Mexican-Taqueria;200
GW-Private-Room;200
Hairchoice-International;200
Hairdressers-on-the-Move;200
Hairhouse-Warehouse;200
Hand-Foot-Spa-by-Complete-Beauty;200
Handi-Ghandi-Franchising-Pty-Ltd;200
Handy-Rentals-Australia-Pty-Ltd;200
Hang2;200
Hannaford-Seedmaster-Services;200
Harbour-Water-Taxis;200
Harcourts;200
Hardware-2-Site-Pty-Ltd;200
Hardy-Spicer;200
Harringtons-Brewery-International-Ltd;200
Harry-s-Cafe-de-Wheels;200
Harts-Party-Hire-[Victoria-Pty-Ltd;
Harvey-World-Franchises-Pty-Ltd;200
Health-Information-Pharmacy;200
Health-Protect;200
Health-Savings;200
Healthy-Habits;200
Healthy-Inspirations;200
Healthy-Life;200
Healthy-Sleep-Solutions-Distribution-Opportuni;302
HearingLife;200
Heidi-s-Mobile-Pet-Grooming;200
Helen-O-Grady-Drama-Academy;200
Hello-Harry;200
Henny-Penny-Hatching;200
Hertz-Australia-Pty-Ltd;200
Hey-dee-ho-Music;200
High-Five;200
Hi-Ho-Clean-and-Garden;200
Hills-in-Hollywood;200
Hip-Pocket-Work-Wear-Safety-Group;200
Hire-A-Box;200
Hire-A-Tradesman;200
Hire-for-Baby;200
Hire-Intelligence;200
Hi-Speed-Internet-Kiosks-Pty-Ltd;200
Hobbysew;200
Hog-s-Australia;200
HolidayXP;200
Holistic-Group;200
Ho-Math-and-Chess-Learning-Center;200
Hombre-Mexican-Cantina;200
Home-Entertainment-Express;200
Home-Ice-Cream;200
Home-Instead;200
Home-IT-Business;200
Home-Service-Professionals;200
Home-Sorted-Franchise;200
Home-Timber-Hardware;200
Honda-Australia-MPE;200
Hook-n-Sinker-Restaurant-and-Bar-Franchise;200
Horace-Rice-Sporting-Sales;200
Horseland-Pty-Ltd;200
Hosemasters-International;200
Hot-Earth-Hangis;200
Hot-Fresh-Fries;200
Hotkey-Internet-Services;200
Hotondo-Homes;200
Hot-Rod-s-Roasts-and-Finger-Foods;200
House;200
House-Guru-Pty-Ltd;200
Housemaids-Franchises-Pty-Ltd;200
Houseproud-Cleaning;200
Housework-Heroes;200
Howards-Storage-World;200
How-To-Property;200
H-R-Block;200
HR-Coach;200
HR-Dept;200
HR-Navigation-Australia-Pty-Ltd;200
Hudsons-Coffee;200
Human-Progress-Management;200
Humitech;200
Hungry-Jacks;200
Hush-Pre-Paid;200
Huxtaburger;200
Hydraulink;200
Hydro-Blast;200
Hypno-Therapy-Chair-Franchise;200
HYPOXI-Australia-Pty-Ltd;200
I-Can-Read-Australia-Pty-Ltd;200
ics-Group;200
IGA;200
I-Luv-Coffee;200
Image-Group-International;200
Imagine-Essential-Services-Ltd;200
Inbloom-Florist;200
IN-CUBE8R-Franchising-Pty-Ltd;200
Independent-Curtains;200
Independent-Property-Inspections;200
Indian-Brothers-Restaurant;200
Ink-Gallery;200
Ink-on-the-Run;200
Inkspot-Franchising-Pty-Ltd;200
Inky-Feet;200
InnerSelf-Newspaper;200
Innovation-Transport-Services;200
In-Review-Magazine;200
Inspirations-Paint-Store-Holdings-Ltd;200
INSPIRE-QUIT-SMOKING-WEIGHT-LOSS-CLINICS;200
Inspire-Stop-Smoking-Weight-Control-Clinics;200
Intelligent-Accounts;200
International-Media-Company;200
In-the-Booth;200
InXpress;200
Island-Girl;200
iSold-It;200
ISS-Facility-Services;200
It-s-Skin-Cosmetics;200
Jamaica-Blue;200
James-Home-Services;200
Jani-King-Australasia-Pty-Ltd;200
Jannies-Cleaning-Services-Pty-Ltd;200
Jannies-Lawncare-and-Handyman;200
Jannies-Mutt-Makeovers;200
JAN-PRO-Cleaning-Systems;200
Japan-City;200
Jas-My-Waffles;200
JaxQuickFit-Tyre-Service;200
Jaymak-Food-Beverage-Refrigeration;200
Jazz-Cleaning;200
JC-Unique-Beauty-Laser-Clinic;200
JDL-Strategies;200
Jens-Gaunt-Real-Estate-Pty-Ltd;200
Jesters;200
Jetset-Travelworld-Group;200
Jetts-Fitness;200
Jim-s-Antennas;200
Jim-s-Appliance-Repairs;200
Jim-s-Bin-Cleaning;200
Jim-s-Blind-Cleaning;200
Jim-s-Bookkeeping;200
Jim-s-Building-Inspections;200
Jim-s-Building-Maintenance;200
Jim-s-Car-Cleaning;200
Jim-s-Carpet-Cleaning;200
Jim-s-Cleaning;200
Jim-s-Computer-Services;200
Jim-s-Conveyancing;200
Jim-s-Diggers;200
Jim-s-Electrical;200
Jim-s-Fencing-Australia;200
Jim-s-Finance-Professionals;200
Jim-s-Floors;200
Jim-s-Group;200
Jim-s-Handyman;200
Jim-s-Irrigation;200
Jim-s-Mowing;200
Jim-s-Paving;200
Jim-s-Pool-Care-Mobile-Pool-Shops;200
Jim-s-Pressure-Cleaning;200
Jim-s-Professional-Painting;200
Jims-Professional-Painting-Decorating;200
Jim-s-Roofing;200
Jim-s-Securities;200
Jim-s-Shade-Sails;200
Jim-s-Skip-Bins;200
Jim-s-Test-and-Tag;200
Jim-s-Window-Cleaning;200
Jim-s-Windscreens;200
Joanna-G;200
John-Brennan-Hair-Franchising-Pty-Ltd;200
Johnno-s-Camper-Trailers;200
Johns-Original-Drive-in-Flowers;200
Jolly-Miller;200
JRJ-International-Yingnam-Garments-Limited;200
Jumping-Beans-International;200
Jumping-J-Jays-Castles-and-Slides;200
JUMP-Swim-Schools;200
Just-Better-Care;200
Just-Cook-It;200
Just-Cuts™;302
Just-Fingerfoods;200
Just-Lashes-Pty-Ltd;200
KC-Drycleaning;200
Keen-To-Clean-Group;200
Kegel-Barn;200
Kelly-Sports;200
Kenkleen;200
Kenny-s-Cardiology;200
Kernels-Popcorn;200
Key-Concepts-Consulting;200
Kick-Juice-Bar;200
Kids-Juke-Box;200
Kids-n-Karts-Pty-Ltd;200
Kidz-Lidz-Salons;200
Kidz-n-sport;200
Kieser-Training-Centres;200
Kinderdance;200
Kindy-Dance-Time;200
King-of-Knives;200
King-of-the-Pack;200
Kings-Swim;200
Kip-McGrath-Education-Centres;200
Kiss-Cafe-Franchising-Pty-Ltd;200
Kitchen-Discounts;200
KK-Holdings-Aust-Pty-Ltd;200
Kleena-Blinds-Curtains;200
Kleena-Cleaners;200
Kleena-Cleaners-VIC-Pty-Ltd;200
Kleenheat-Gas-House;200
Kleenit-Home-and-Office;200
Kleenit-Pty-Ltd;200
Kleins-Franchising-Pty-Ltd;200
Knight-Frank;200
Koala-Krane;200
Kool-Cones;200
Kooler-Ice;200
Kubarz-Beverage-Catering;200
Kumon-Australia-and-New-Zealand;200
Kwik-Kerb;200
Kwik-Kopy;200
Labour-Options;200
Ladies-Running-Errands;200
Laing-Simmons-Real-Estate;200
La-Porchetta;200
Laser-Clinics-Australia;200
LaserDerm-Skin-Fitness-Centre;200
Laser-Electrical-Group-Pty-Ltd;200
Laser-Plumbing-Group;200
LaserQuit;200
Las-Olas-Fresh-Mex-Grill;200
Latte-Cartelle-Coffee-Drive-Thru;200
Lattouf-Hair-Day-Spa;200
Laubman-Pank;200
Lava-Carts;200
Lava-Coffee-Australia-Pty-Ltd;200
LCF-Clubs-Australia-Ltd;200
Leadership-in-Action;200
Leadership-Management-Australia;200
Le-Cornu-Furniture;200
Ledgers-Bookkeeping;200
Leisure-Sailing;200
Lenard-s-Chicken;200
Lending-Link;200
Letz-Rent-a-Car;200
LeWrap;200
Lifeguard-Security-Electrical;200
Life-in-Balance-Seminars;200
Life-Resolutions;200
Lifestone-Paving;200
Lifestyle-Innovations;200
Lifetime-Distributors-The-Book-People;200
Lightsounds-Pty-Ltd;200
Lil-Kidz-Constructions-Pty-Ltd;200
Linacre-Lawyers;200
Linen-Avenue;200
Line-X-Australia;200
Listen-to-Read;200
Listen-to-Your-Body;200
Literacy-Circle-Pty-Ltd;200
Little-Cupcakes-Bakery-Pty-Ltd;200
Little-Images;200
Little-Kickers-Little-Rugby-Australia;200
Liv-eat-Fresh-Eating;200
Local-Pool-Inspections;200
Local-Tree-Care;200
1300-Locate-Franchising-Pty-Ltd;200
Logiro;200
Loksa;200
Lollipop-s-Playland-Cafe;200
Lollypotz;200
Lonely-Pets-Club;200
LookSmart-Alterations;200
Lorigold-Pty-Ltd;200
Lotterywest;200
Love-Pollo;200
Loving-Life-Now;200
LUXAFLEX-Window-Fashions-Gallery;200
Lynn-s-Learning;200
Madam-Glamour;200
Mad-Cow-Entertainment;200
Made-in-Japan;200
Mad-Mex-Fresh-Mexican-Grill;200
Mad-Sports;200
Madzoon;200
Maestro-Hairdressing;200
Magic-Hand-Carwash;200
MagiKats-Maths-and-English;200
Magnetite-Window-Covers;200
MAIL-BOXES-ETC-MBE;200
Mail-Plus-Business-System-Pty-Ltd;200
Makeup-4-Brides-Hair-4-Brides;200
Management-Institute-of-Australia;200
Mandeville-Marketing;200
Mannings-AV-Services;200
Marble-Slab-Creamery;200
Maries-Pizza;200
Market-People;200
Mark-s-Mowing-Pty-Ltd;200
Marrs-Group-Pty-Ltd;200
Mary-Ryan-s;200
Massage-Envy;200
MAS-Tax-Accountants;200
Mastercare;200
Master-Coaching;200
Master-Coaching-Campbelltown;200
Mastercorp-Cleaning-Pty-Ltd;200
Master-Imaging-International-Pty-Ltd;200
Matchbox-Franchising;200
Mathnasium-Learning-Centers;200
Mathriders;200
MattressKleen-Australia-Pty-Ltd;200
Max-Therapy;200
McDonald-s-Australia;200
McGrath-Estate-Agents;200
Mc-Grath-Neutral-Bay;200
M2-Commander-Pty-Ltd;200
Media-Marketing-Hub;200
Mediterranean-Grill;200
Meet-at-Dinner;200
Megasealed-Bathrooms-Balconies;200
MetroDogs;200
Metro-Modelling-Academy;200
Metro-Tiles;200
Michael-Bevan-Mortgages;200
Michel-s-Patisserie;200
Midas-Australia;200
Minc-Services;200
Mindchamps;200
Mind-Games;200
Mind-Warriors-International;200
Minicards;200
Mini-Maestros;200
Mini-Melts-Ice-Cream;200
Mini-Pancake-Company;200
Mini-Party-People;200
MiniQuip;200
Mini-Raxevsky-Australia;200
Mini-Tankers-Australia;200
Minuteman-Press-International-Inc;200
Miss-Efficiency-Bookkeeping;200
MIS-Technologies-Centre;200
Mister-Minit;200
Mister-Ply-Wood;200
MLN-Mobile-Laptops-and-Notebooks;200
Mmm-Coffee-Mobile-Cafe-for-Events;200
Mobile-Compressed-Air-Pty-Ltd;200
Mobile-Filtration-Services;200
Mobile-Hosefixers;200
Mobile-Plastic-Vinyl-Repairs-Pty-Ltd;200
Mobile-Snips;200
Mobile-Test-n-Cal;200
Mobile-Video-Games;200
Mobile-Wedding-Bells;200
Modern-Group-of-Companies;200
Money-Depot-Franchising-Pty-Ltd;200
MoneyQuest;200
Mortgage-Choice;200
Mortgage-House-Brand-Partner;200
Motivity-Franchising;200
Mountain-Blue-Transport-Franchising-Pty-Ltd;200
Mr-Antenna;200
Mr-Chipps-Strategic-Tree-Services;200
Mr-Jaffle;200
Mr-Meticulous-Pty-Limited;200
Mr-Rental-Franchising-Pty-Ltd;200
Mrs-Fields-Bakery-Cafe;200
Mr-Tax-Refund-Pty-Ltd;200
Mr-Whippy-Pty-Ltd;200
MTM-Mobile-Training;200
Muffin-Break;200
Murray-Pest-Control;200
Muscle-Beach;200
Muzz-Buzz-Franchising;200
Mvenpick-Ice-Cream;200
Mybelly;200
My-Body-Spirit;200
My-Botique;200
MyChiro-Pty-Ltd;200
My-Driver;200
My-Guy-Australia;200
Myhome;200
My-Home-Watch;200
My-30-Minutes;200
MYO;200
My-Skin-Care-Company;200
MyVirtualHome;200
Nads-Laser-Clinic;200
Nailsnow-com-au;200
Naked-Juice;200
Nanotek-Advanced-Car-Cleaning-Technology;200
napoleon-perdis;200
Narellan-Pools;200
National-Drones;200
National-Recruitment;200
National-Tiles;200
Natra-Pty-Ltd;200
Nauticalia;200
NCC-Spray-Cleen-Australia;200
Nenechicken-Australia-Pty-Ltd;200
energie-Fitness-Clubs;200
Netplanet-Cybercafe;200
Net-Search-Australia;200
Network-Signs;200
Neurotherapy-Centre-of-Australia-P-L;200
New-Level-Personal-Training-Studios;200
New-Life-Repair-Service;200
New-Water;200
New-York-Slice;302
New-Zealand-Natural-Pty-Ltd;200
Nextra-Australia;200
N-Hance-Australia-Pty-Ltd;200
Nic-s-Mobile-BBQ;200
NightOwl;200
Nirvana-Beauty-Laser-Clinics;200
Noodle-Box;200
Novale-Bathrooms;200
Novus-Australia;200
Novus-Glass;200
NoWet-Waterless-CarClean;200
NRMA-Safer-Driving-Schools;200
Number-Nurses-NZ-Ltd;200
NumberWorks-nWords;200
Nu-Steel-Homes-Group-Pty-Ltd;200
Nutrition-Station;200
Nutshack-Group-Pty-Ltd;200
Oasis-Home-Loans;200
OE-Design-The-Web-Designers;302
Office-Choice;200
Oil-and-Vinegar;200
Okinawa-Goju-Ryu-Karate-Do;200
Old-Macdonald-s-Travelling-Farms;200
Ology-Business-Coaching;200
Onebrella;200
One-Direction-To-Success-Education;200
Onehub;200
OneSteel-Ltd;200
Online-Business-Success;200
Online-Pipe-and-Cable-Locating;200
Open2view-Australasia-Ltd;200
Oporto;200
Opposite-Lock;200
OPSM;200
Optimum-Cleaning;200
Optus-Yes-Shop;200
Oswill-Limited;200
Oswill-Limited-Master;200
Our-New-Freedom;200
Outback-Jack-s;200
Outside-Concepts;200
Outsource-Assault;200
Oven-BBQ-Cleaning;200
Ovenu;200
Oven-Valets-P-L;200
OZ-Bin-Cleaning-The-Bin-Hygiene-Professionals;200
OZ-Cover-Building-Design-Pty-Ltd;200
Ozcrate-Rentals;200
Oz-Design-Furniture-Pty-Ltd;200
Ozerentals;200
Oz-Funland;200
OZIFIT;200
Oz-Mowing;200
Ozroamer-Camper-Trailers-Hire-Sales;200
OzSpy-Security-Solutions;200
Ozwide-Property-Maintenance;200
Ozzy-Tyres;200
PACK-SEND-AUSTRALIA;200
Paleo-Cafe;200
Pampered-Pup;200
PappaRich-Australia-Pty-Ltd;200
Paradise-Fresh;200
Paraffine;200
Paraserve-Cleaning-Services;200
Parker-s-Organic-Juices;200
Park-First-Home-Loans;200
Parmalat-Australia-Pty-Ltd;200
Party-Hoppers;200
Party-Plan-Online;200
Party-Plus;200
Party-Shop-Group;200
Pasta-Cup;200
Pastacup-Pty-Ltd;200
Paws-Pet-Sitters;200
PBM-Fitness-Pty-Ltd;200
P-C-Micros;200
Peak-Physique-Hot-Yoga;200
Pedders-Shock-Absorber-Services;200
1800-Penguin-Australia;200
Perfection;200
Perfect-Timber-Floors;200
Personalised-Chocolates-4U;200
Pet-Goods-Direct;200
Pet-Mobile-Pty-Ltd;200
Pets-Galore-Australia-Pty-Ltd;200
Pets-Pantry;200
Pets-Paradise;200
Petstock-Pty-Ltd;200
PetWise-Store;200
pHence-IT;200
Phone-Central;200
Piccolo-Me;200
Pie-Face-Bakery-Cafe;200
Pinnacle-Tradex-Pvt-Ltd;200
PinSource-Australia;200
Pirtek-Fluid-Systems-Pty-Ltd;200
PixiFoto;200
Pizza-Capers-Gourmet-Kitchen;200
Pizza-Capers-Mobile-Kitchen;200
Pizza-Cutters-Gourmet-Pizza;200
Pizza-Event;200
PIZZA-FRESH-CO;200
Pizza-Hut;200
Pizza-la-Cona;200
Pizza-Pasta-Please-P3;200
Pizza-Temptations;200
Plan-Ahead-Events;200
Planet-Beach-Tanning-Spa;200
Planet-Chocolate;200
Planet-Power-Energy-Pty-Ltd;200
Plants-Plus;200
Plaster-Funhouse;200
Platinum-Electricians;200
Playball;200
Players-Clubs-Ltd;200
Play-on-Wheels;200
Plus-Fitness-24-7;200
Pole-Divas;200
Polycampers-and-Trailers;200
Pool-Force;200
Poolside;200
Poolwerx;200
Positive-Training-Solutions;200
PostNet;200
Power-ABA;200
Powerboat-Dealership;200
PRD-Realty;200
Precision-Badges;200
Preggi-Bellies;200
Pretzel-World;200
Pretzos;200
Price-Attack;200
Priceline-Pharmacy;200
Pride-Paints;200
Pristine-Water-Systems-Australia;200
Proarch-Podiatry;200
Pro-Axle-Australia;200
Pro-Axle-Australia-Pty-Limited;200
Procal;200
Pro-Dive;200
Professionals-Real-Estate-Group-ACT-NSW-VIC;200
Profix-Franchising-Pty-Ltd;200
Prographica;200
Project-M;200
Property-Club;200
PropertyGuys;200
Property-Plus-Australia-Pty-Ltd;200
Property-Presentation-Professionals;200
Property-Presentation-Professionals-Master-Fra;302
Prosell;200
Protect-A-Window;200
Protect-A-Window-Master;200
Pro-Teeth-Whitening;200
provender-Vending-Australia;200
802-Pty-Ltd;200
Puckles-Family-Bakehouse;200
Pudding-Lane;200
PurairClean;200
Pure-Health-Clubs;200
Pure-Natural;200
PureProtect;200
PY-Fencing;200
Pyjama-Drama;302
Quest-Apartment-Hotels;200
Quick-Colourprint-com-au;200
Radleys-Rotisserie-Chickens-Burgers;200
Radrock;200
Raine-Horne-Holdings-Pty-Ltd;200
RAMS;200
Ranger-Outdoors;200
Rapid-Results-Marketing;200
Rapport-Cleaning-Services;200
Rashays-Cafes-Restaurants;200
Raw-Energy;200
Ray-White-Real-Estate;200
Ready-Steady-Go-Kids;200
Real-Property-Photography;200
Realscope;200
Realty-International-Franchising-Aust;200
Recruitment-Vision-Pty-Ltd;200
Red-Building;200
Redclean;200
Red-Day-Coaching;200
Red-Energy-Promotions;200
Red-Fox-Party;200
Red-Lea-Chickens;200
Red-Rock-Noodle-Bar;200
Red-Rooster;200
Redspot-Car-Rentals;200
RedVan-Tyre-Colouring;200
reFaceit;200
Refills-Now;200
RE-Franchising-Pty-Ltd;200
Refresh-Renovations;200
Refund-Home-Loans;200
Regal-Mattress-Outlets;200
RejuvaDetox;200
Reliance-Roof-Restoration;200
Rent-a-Renovator-Franchising-Group-Pty-Ltd;200
Renthire-International-Limited;200
Rent-2-Own-Cars-Australia-Pty-Ltd;200
Rent-The-Roo;200
Rent-with-Style;200
Resicert-Property-Inspections;200
Residential-Garage-Doors;200
Resi-Home-Loans;200
Resolve-Finance;200
Restored-Beauty-Getaways;200
Results-in-Business-Institute;200
Results-Laser-Clinic;200
ResumeOne;200
Resumes-For-Results;200
Revolution-CD;200
Rhino-Linings;200
Rhino-Media;200
Richardson-Wrench-P-L;200
Right-At-Home-Australia;200
Ringmaster-Pty-Ltd;200
Rise-Shine;200
Rise-Shine-Sleepspecialist;200
Riviera-Syndication-Pty;200
RMB-Entertainment;200
Roadside-Auto-Care;200
Roam-In-Pizza;200
Roche-Bobois;200
Rock-A-Bye-Baby-Hire;200
Rock-Star-for-a-Day;200
Rock-the-Wok;200
Roll-d;200
Roofseal;200
Rosie-s-Chicken;200
Royal-Copenhagen-Ice-Cream-Cone-Co;200
Rozzi-s-Italian-Canteen;200
RP-Vending-Systems-Business-Opportunity;200
Rules-Supermarkets;200
RUN-Property;200
Rush-Hour-Australia;200
RYCO-Hose-Pty-Ltd;200
Sabatini-s-Cafe-Restaurant-Bar;200
SACKO;200
SafetyQuip-Australia-Pty-Ltd;200
SailTime-Australia;200
Salon-Express-and-Barbershop-Express;200
Salsas;200
Salts-of-the-Earth;200
Salty-Rooster;200
Samsara-Furniture;200
Sandpit-Photos;200
Sandwich-Chefs;200
Sanec-Furniture;200
Sapphire-Shades-Australia;200
Sarpino-s-Pizzeria;200
SaveOnBills-Australia-Pty-Ltd;200
Save-Tonnes;200
Schnitz;200
Schwob-s-Swiss-Pty-Ltd;200
Scoot2you;200
Scope-IT-Education;200
Scotty-s-The-Movers;200
Scrooz;200
Sea-Clear;200
Sea-Tow-Services-Australia-Pty-Ltd;200
SECFI-Property-Investment-Coaches;200
Secretary-com-au;200
Security365-Pty-Ltd;200
SelectCleaning;200
SelectLawnMowing;200
SelectValet;200
Senior-Helpers-Australia-New-Zealand;200
SensaSlim;200
Sentry-Vault;200
Seor-Paella;200
Sergio-s-Cake-Shop;200
Seriously-Addictive-Mathematics;200
Seven-Gourmet;200
Sextastic-Franchising-Pty-Ltd;200
Sexy-Floors-Australia;200
Shaver-Shop-Pty-Ltd;200
Shed-Boss;200
Sheds-n-Homes;200
She-Fitness;200
Sherpa-Kids-Australia;200
Shift8;200
Shine-Hand-Car-Wash-Cafe;200
SHINE-IT-Stainless;200
Shingle-Inn-Cafes;200
Shoebox-Bookkeeping;200
Short-Run-Promotions;200
Show-Girls-Bar-20;200
ShutterSlide-DVD-Photo-Shows;200
Signarama;200
SignFX;200
Signwave;200
Silent-Windows;200
SILK-Laser-Clinics;200
Silver-Secrets-Shhh-Pty-Ltd;200
Simon-s;200
Simply-Helping;200
Sizzling-Roaster-Catering;200
Skalli;200
Skewerz-Kebabz;200
Skills-Centre;200
Skippy-Home-Loans;200
Sky-Blue-Coffees-Pty-Ltd;200
Slab-Works;200
SLAM-Strategy;200
Sleepy-s-The-Mattress-Experts;200
Slipsafe-Australia;200
Slique;200
Slush-Puppie;200
S2M2;200
Small-Business-Accounting;200
SmartCare;200
Smartline-Personal-Mortgage-Advisers;200
Smart-Saver;200
SmartWax-Australia;200
Smith-Sons-Renovations-Extensions;200
Snap-Fitness;200
Snap-on-Tools-Australia-Pty-Ltd;200
Snap-Print-Design-Websites;200
Snooze;200
Snorepro-New-Zealand-Limited;200
Snowgum;200
Snowy-Joey;200
Soccajoeys;200
Soccer-Play-Program;200
Soccer-Time-Kids;200
Social-Media-Business-Boosters;200
Soft-Stone-Sculptures-Pty-Ltd;200
Solomons-Flooring;200
Solutions-For-Success;200
Soul-Origin;200
Southern-Cross-Chauffeur-Drive-Pty-Ltd;200
Souvlakihut-Pty-Ltd;200
Spanish-Doughnuts;200
Spanline-Home-Additions;200
sparklean-detailing;200
Speciality-Entertainment-Pty-Ltd;200
Speedfit;200
Speedheat-Australia-Pty-Ltd;200
Speedliner-Australia;200
Splash-Swim-school-Australia;200
SponsoredLinx;200
Sport-Star-Academy;200
Sportzing-Court-Care-Pty-Ltd;200
Spray-Pave-Australia;200
SpudBAR;200
sSs-BBQ;200
Stacks-of-Snacks;200
Stagecoach-Performing-Arts;200
Stain-Busters;200
Stained-Glass-Overlay-Australia-Pty-Ltd;200
Star-Couriers;200
Starshots-Glamour-Photography;200
Star-Tech-Auto-Refinishing-Maurowen-Pty-Ltd-T-;302
Stay-Clean-Hands;200
Steamatic;200
Stellarossa-Cafes;200
Step-into-Life;200
Stepz-Fitness;200
Steve-Costi-s-Famous-Fish;200
Stir-Crazy;200
St-Louis-House-of-Fine-Ice-Cream-and-Dessert;200
Stockdale-Leggo;200
Stockland;200
Storage-King;200
Storybook-Cottages;200
Stratapay;200
Strathfield-Group-Limited;200
Stratton-Finance;200
Strong-Mind-Set;200
Struddy-s-Sports;200
Studio-Pilates-International;200
Stufflers;200
Subway;200
Success-Tax-Professionals;200
Sugar-International-Ltd;200
SUKI-Sushi-Burrito-Pty-Ltd;200
SumoSalad;200
Sunshine-Coast-Milk-Pty;200
Sunshine-Kebabs;200
Supanews;200
Super-Easy-Storage;302
Superfinish-Express;200
SuperFurn-Furniture;200
Supergeek-com-au-Pty-Ltd-PC-Support;200
Superseal-International-Pty-Ltd;200
Super-Shower-Seal;200
Sureslim-Australia-Pty-Ltd;200
Survival-First-Response;200
Sushi-Sushi;200
Sushi-Train;200
Sustainable-Building-Distribution-Group;200
SVA-Vending;200
Sweet-Dreams-and-Goodnight;200
Sweet-Explosion;200
Swimart;200
Swisher-Hygiene-Pty-Ltd;200
Swiss-Deli;200
sydney-digital-television;200
Sydney-Painting-Professionals;200
Synergy-Business;200
system-slim;200
Taco-Bill-Mexican-Restaurants;200
Taco-Burger;200
Tag-It-Safe;200
Taking-It-Easy;200
Tamawood-Homes;200
TAPSNAP;200
Taps-n-Toilets;200
Target-Training;200
Taskforce;200
Taste-Living;200
Taste-of-Europe;200
Tasti-D-Lite-Australia;200
Tasty-Trucks;200
Tattersalls-Sweeps;200
TaxAssist-Accountants;200
TaxSmart-Accountants;200
Technocash-Pty-Ltd;200
Telcoinabox;200
TeleChoice;200
Telstra-Licensed-Shops;200
Tender-Loving-Cuisine;200
Termguard-Pty-Ltd;200
Termicam-Franchising-Pty-Ltd;200
Terry-White-Chemists;200
Testel-Australia;200
Testequip;200
The-Ad-Company;200
The-Alternative-Board;200
The-Athlete-s-Foot;200
The-Better-Business-Group;200
The-Bookkeeping-Network;200
The-Brazilian-Hut;200
The-Burrito-Bar;200
The-Business-Commandos;200
The-Car-Kit-Company;200
The-Cheesecake-Shop-Pty-Ltd;200
the-chocolate-room;200
The-Coaching-Institute;200
The-Coffee-Club-Group;200
The-Coffee-Emporium;200
The-Coffee-Guy;200
The-Coffee-Shot;200
The-Colour-Corporation;200
The-Complete-Garden-Pty-Ltd;200
The-Computer-Market-Pty-Ltd;200
The-Concrete-Cutter;200
The-Contact-Group;200
The-Country-Brewer;200
The-Cupcake-Bakery-Franchising-Pty-Limited;200
The-Drug-Detection-Agency;200
The-Duster-Dollies-Pty-Ltd;200
The-Elephant-Boy-Cafe;200
The-Fairies-Franchise-Pty-Ltd;200
The-Fix-Program;200
The-Frenchams-Group;200
The-Furniture-Guys;200
The-Gold-Club;200
The-Good-Bean-Espresso-Bar;200
The-Good-Feet-Store;200
The-Groove-Train;200
The-Grout-Guy;200
The-Happiness-Institute;200
The-Helen-Doron-Group;200
The-Ink-Shop;200
The-Interface-Financial-Group-IFG-50-50;200
The-Jolly-Miller-Cafe;200
The-Kebab-Co;200
The-Laptop-Man;200
The-Laser-Lounge-Franchising-Pty-Ltd;200
The-Leather-Doctor;200
The-Local-Shack;200
The-Logoers;200
The-Love-Shop;200
The-Lucky-Charm-Pty-Ltd;200
themallplus;200
The-Minders-Total-Building-Garden-Care-Pty-Ltd;200
The-Mortgage-Bureau-Pty-Ltd;200
The-Mortgage-Gallery;200
The-Music-Bus;200
The-Natural-Source;200
The-Natural-Vending-Company;200
The-Natural-Way;200
Theobroma-Food-Of-The-Gods-Pty-Ltd;200
The-Original-Poster-Company;200
The-Original-Tavern-Nut-Co;200
The-Outdoor-Furniture-Specialists-Pty-Ltd;200
The-Pedi-People;200
The-Pest-Control-Company;200
The-Phone-Factory;200
The-Poultry-Place;200
The-Property-Shop;200
The-Quantum-Organization;200
The-Quilt-and-Pillow-Factory;200
The-Real-Learning-Experience;200
The-Rewards-Team;200
Thermofix-Australia;200
The-Safety-Shop;200
The-Secret-to-Prosperity;200
THE-Shed-Company;302
The-Sleeping-Giant;200
The-Source-Bulk-Foods;302
The-Sporting-Globe-Bar-Grill;200
The-Tea-Coffee-Merchant;200
The-Toenail-People-Australia;200
The-Tyre-Factory;200
The-Unfair-Advantage;200
The-Vast-Interior;200
The-Waterboys-Pty-Ltd;200
The-Wife-Home-Cleaning-Services-Pty-Ltd;200
The-Woofer-Washer;200
Thrifty-Australia-Pty-Ltd;200
Thrifty-Link-Hardware;200
Tiaki;200
Tidy-Car-WA;200
Tidy-Tenants;200
Tilemart-Pty-Ltd;200
Tile-Rescue;200
Timezone;200
Tinies-Childcare;200
Tint-a-Car;200
Tiny-Tots-Tennis-Pty-Ltd;200
TMA-Corporation;200
TMS-Franchising;200
Tobacco-Station-Group;200
Tokyo-Sushi-Kitchen;200
Tommy-Gun-s-Original-Barbershop;200
Tom-s-Trash-Paks-Pty-Ltd;200
Toner-Action-Western-Australia;200
Toni-Guy-Hairdressing;200
Toolforce-Pty-Ltd;200
Top-Juice;200
Top-Noodle;200
Top-Snap;200
Toscani-s-Cafe-Bar-and-Restaurant;200
Total-Fitouts;200
Total-Hose-Australia-Pty-Ltd;200
Total-Literacy-World-Pty-Ltd;200
Totally-Workwear;200
Totalspan;200
Total-Tools;200
Tot-s-Taxis-Pty-Ltd;200
Touch-Up-Guys;200
TowFix;200
Towncars-Networks-Australia;200
Town-Country-Pizza-Pasta;200
TPR-Group-your-healthy-office-solutions;200
Traditional-Bathrooms;200
Trampoline-Gelato;200
Transformers-Fitness-for-Kids-Pty-Ltd;200
Tri-Nature;200
TRIOS-WRAPS;200
Triple-O-Property-Maintenance;200
Triskills-Australia;200
Tropical-Sno;200
TRUE-CHOICE-HOME-LOANS;200
Trueline-Patios-and-Extensions-Pty-Ltd;200
True-Value-Solar;200
TSG-Franchise-Management;200
Turf-Irrigation-P-L;200
TutorBright;200
Tutor-Doctor-Australia-Inc;200
TV-Magic;200
Twelve-Boar;200
Twintop-License-Agreement;200
Two-Men-and-a-Truck;200
Tyres-More;200
U-Brewit;200
Uhoo;200
Ultimate-Tiles;200
Ultra-Home-Loans;200
Ultra-Tune-Australia;200
Ultra-Tune-SA-Pty-Ltd;200
Under-wraps;200
Unified-Wealth-Solutions;200
Uniform-Superstore;200
Union-Ergonomics;200
Unique-Laser;200
United-Home-Services;200
United-Petroleum;200
Urban-Burger;200
Urban-Spa-Australia;200
Uticolor;200
uVme-Money;200
Vaby-s-Mediterranean-Grill;200
Vancouver-Ho-Math-and-Chess-Tutor;200
Van-Go-Australia;200
Vanity-Bar;200
VATMAN-International-Pty-Ltd;200
Vendzone-Pty-Ltd;200
Video-Busters;200
Villa-Hut;200
Villa-Hut-Mobile-Kafe;200
V-I-P-Australia;200
Vision-Alliance;200
Vision-Personal-Training;200
Viva-Life-Photography;200
V-Kool-Automotive-Australia-Pty-Ltd;200
Vulcano-Gelato;200
Waffle-Factory;200
Wagss;200
Wahoo-s-Fish-Taco-of-Australia-Pty-Ltd;200
Walker-s-Doughnuts;200
Walkers-Party-Hire;200
Walk-On-Wheels-Franchise-Systems-Pty-Ltd;200
Wasabi-Warriors;200
1300-4-Waste;200
Watchouse;200
Watch24-Security-Systems;200
Wealth-Masters-International;200
Wealthy-Friends-4-Life;200
Wealthyfrog;200
we-are-LR-business-centre;200
Webster-and-Wood;200
We-Can-Respite-Services;200
Wedding-Links;200
Weeding-Women;200
Wenatex;200
Wendy-s-Music;200
Wet-seal;200
What-Scratch;200
What-s-New;200
whealthstyle-pty-ltd;200
White-Squires;200
WH-Smith-Wild-Card-Gifts-Kenny-s-Cardiology-an;200
Wigs-On-Wheels;200
Wigs-On-Wheels-Hunter-Region;200
Wild-Cards-Gifts;200
WiseOnes-Australia-Pty-Ltd;200
Wokinabox;200
Wok-Me;200
Wok-Storm;200
Wood-Rot-Doctor-Franchising-Pty-Ltd;200
Workforce-Extensions;200
Workout-World-Pty-Ltd;200
Worldcup-Soup-Research-Edge;200
World-of-Maths-Pty-Ltd;200
Worldwide-Online-Printing;200
Worldwide-Refinishing-Systems;200
WRAPAWAY;200
Wrappings;200
Wray-Organic-Franchise-Market-Cafe;200
WSI;200
www-thelandsmiths-com;200
Xero;200
10X-Limited;200
10X-Limited-Master-Franchise;200
Xpresso-Delight-Pty-Ltd;200
Xpresso-Mobile-Cafe;200
Yarra-Valley-Farms;200
Yazeed-more;200
YogurBerry;200
Yong-Real-Estate;200
You-Can-Bake-It;200
Your-Caretaker;200
Your-Cleaner;200
Your-Home-Services;200
Your-Law-Firm;200
Your-Own-Leader;200
Zalmhair-Franchising;200
Zambrero;200
Zarraffa-s-Coffee;200
ZEN-Energy-Systems;200
Zento-Group-Pty-Ltd;200
Zesta-Kitchens;200
Zeus-Street-Greek;200
Zubias-Threading;200
